Method 'SystemVoidCosmosSystemKernelStart', ID = '0'
Method 'SystemVoidCosmosIL2CPURuntimeEngineInitializeApplication', ID = '1'
Method 'SystemVoidCosmosIL2CPURuntimeEngineFinalizeApplicationSystemInt32', ID = '2'
Method 'SystemBooleanCosmosIL2CPUVTablesImplIsInstanceSystemUInt32SystemUInt32SystemBoolean', ID = '3'
Method 'SystemVoidCosmosIL2CPUVTablesImplSetTypeInfoSystemInt32SystemUInt32SystemUInt32SystemUInt32arraySystemUInt32SystemUInt32arraySystemUInt32arraySystemUInt32SystemUInt32arraySystemUInt32array', ID = '4'
Method 'SystemVoidCosmosIL2CPUVTablesImplSetInterfaceInfoSystemInt32SystemInt32SystemUInt32', ID = '5'
Method 'SystemVoidCosmosIL2CPUVTablesImplSetMethodInfoSystemInt32SystemInt32SystemUInt32SystemUInt32', ID = '6'
Method 'SystemVoidCosmosIL2CPUVTablesImplSetInterfaceMethodInfoSystemInt32SystemInt32SystemUInt32SystemUInt32', ID = '7'
Method 'SystemUInt32CosmosIL2CPUVTablesImplGetMethodAddressForTypeSystemUInt32SystemUInt32', ID = '8'
Method 'SystemUInt32CosmosIL2CPUVTablesImplGetMethodAddressForInterfaceTypeSystemUInt32SystemUInt32', ID = '9'
Method 'SystemVoidCosmosIL2CPUExceptionHelperThrowNotImplementedSystemString', ID = '13'
Method 'SystemVoidCosmosIL2CPUExceptionHelperThrowOverflow', ID = '14'
Method 'SystemVoidCosmosIL2CPUExceptionHelperThrowInvalidOperationSystemString', ID = '15'
Method 'SystemVoidCosmosIL2CPUExceptionHelperThrowArgumentOutOfRangeSystemString', ID = '16'
Method 'SystemVoidSystemArrayctor', ID = '18'
Method 'SystemDelegatearraySystemMulticastDelegateGetInvocationList', ID = '19'
Method 'SystemVoidCosmosIL2CPUExceptionHelperThrowInvalidCastException', ID = '21'
Method 'SystemVoidCosmosIL2CPUExceptionHelperThrowNotFiniteNumberExceptionSystemDouble', ID = '22'
Method 'SystemVoidCosmosIL2CPUExceptionHelperThrowDivideByZeroException', ID = '23'
Method 'SystemVoidCosmosIL2CPUExceptionHelperThrowIndexOutOfRangeException', ID = '24'
Method 'SystemVoidfirstKernelKernelctor', ID = '25'
Method 'SystemVoidCosmosDebugKernelDebuggerSendSystemString', ID = '30'
Method 'SystemVoidCosmosHALBootstrapInit', ID = '34'
Method 'CosmosHALTextScreenBaseCosmosSystemKernelGetTextScreen', ID = '35'
Method 'SystemVoidCosmosSystemGlobalInitCosmosHALTextScreenBase', ID = '36'
Method 'SystemVoidCosmosSystemKernelBeforeRun', ID = '37'
Method 'SystemVoidCosmosHALGlobalEnableInterrupts', ID = '38'
Method 'SystemVoidCosmosSystemKernelAfterRun', ID = '40'
Method 'SystemVoidCosmosIL2CPURuntimeEngineInitializeEngine', ID = '44'
Method 'SystemVoidCosmosIL2CPURuntimeEngineHeap_Initialize', ID = '45'
Method 'SystemVoidCosmosIL2CPURuntimeEngineFinalizeEngine', ID = '47'
Method 'SystemVoidCosmosIL2CPURuntimeEngineExitProcessSystemInt32', ID = '48'
Method 'SystemVoidCosmosIL2CPUVTablesImplDebugSystemString', ID = '54'
Method 'SystemVoidCosmosIL2CPUVTablesImplDebugHexSystemStringSystemUInt32', ID = '55'
Method 'SystemVoidCosmosIL2CPUVTablesImplDebugAndHaltSystemString', ID = '57'
Method 'SystemVoidCosmosDebugKernelPlugsAsmDebuggerAsmSendKernelPanicSystemUInt32', ID = '59'
Method 'SystemVoidCosmosCore_PlugsGCImplementionImplIncRefCountSystemUInt32', ID = '61'
Method 'SystemVoidCosmosCore_PlugsGCImplementionImplDecRefCountSystemUInt32', ID = '62'
Method 'SystemUInt32CosmosCore_PlugsGCImplementionImplAllocNewObjectSystemUInt32', ID = '63'
Method 'SystemVoidSystemNotImplementedExceptionctorSystemString', ID = '65'
Method 'SystemVoidSystemOverflowExceptionctorSystemString', ID = '66'
Method 'SystemVoidSystemInvalidOperationExceptionctorSystemString', ID = '67'
Method 'SystemVoidSystemArgumentOutOfRangeExceptionctorSystemString', ID = '68'
Method 'SystemDelegatearraySystemDelegateGetInvocationList', ID = '79'
Method 'SystemInt32SystemIntPtrop_ExplicitSystemIntPtr', ID = '82'
Method 'SystemVoidSystemInvalidCastExceptionctor', ID = '83'
Method 'SystemVoidSystemNotFiniteNumberExceptionctorSystemDouble', ID = '85'
Method 'SystemVoidSystemDivideByZeroExceptionctor', ID = '86'
Method 'SystemVoidSystemIndexOutOfRangeExceptionctor', ID = '87'
Method 'SystemVoidCosmosSystemKernelctor', ID = '89'
Method 'SystemVoidCosmosSystemGlobalcctor', ID = '91'
Method 'SystemVoidCosmosCore_PlugsSystemExceptionImplCtorSystemString', ID = '95'
Method 'SystemVoidCosmosCoreBootstrapInit', ID = '102'
Method 'SystemVoidCosmosSystemConsolectorCosmosHALTextScreenBase', ID = '104'
Method 'SystemVoidCosmosHALGlobalInitCosmosHALTextScreenBase', ID = '106'
Method 'SystemVoidCosmosSystemGlobalset_NumLockSystemBoolean', ID = '107'
Method 'SystemVoidCosmosSystemGlobalset_CapsLockSystemBoolean', ID = '108'
Method 'SystemVoidCosmosSystemGlobalset_ScrollLockSystemBoolean', ID = '109'
Method 'SystemVoidfirstKernelKernelBeforeRun', ID = '110'
Method 'SystemVoidCosmosCoreCPUEnableInterrupts', ID = '112'
Method 'SystemVoidfirstKernelKernelRun', ID = '113'
Method 'SystemVoidCosmosSystem_PlugsSystemConsoleImplWriteLineSystemString', ID = '115'
Method 'SystemStringSystemValueTypeToString', ID = '116'
Method 'SystemStringSystemStringToString', ID = '117'
Method 'SystemStringSystemBooleanToString', ID = '120'
Method 'SystemStringCosmosCore_PlugsSystemObjectImplToString', ID = '123'
Method 'SystemVoidCosmosIL2CPURuntimeEnginecctor', ID = '124'
Method 'SystemVoidSystemBooleancctor', ID = '130'
Method 'SystemVoidCosmosIL2CPUVTablesImplcctor', ID = '133'
Method 'SystemVoidCosmosDebugKernelDebuggerSendNumberSystemUInt32', ID = '135'
Method 'SystemVoidCosmosCoreMemoryOldGlobalSystemInfoEnsureInitialized', ID = '143'
Method 'SystemUInt32CosmosCoreMemoryOldHeapMemAllocSystemUInt32', ID = '144'
Method 'SystemVoidSystemSystemExceptionctorSystemString', ID = '146'
Method 'SystemVoidSystemExceptionset_HResultSystemInt32', ID = '147'
Method 'SystemVoidSystemArithmeticExceptionctorSystemString', ID = '149'
Method 'SystemStringSystemSRget_Arg_ArgumentOutOfRangeException', ID = '152'
Method 'SystemVoidSystemArgumentExceptionctorSystemStringSystemString', ID = '153'
Method 'SystemVoidCosmosCore_PlugsSystemObjectImplCtor', ID = '154'
Method 'SystemStringSystemSRget_Arg_InvalidCastException', ID = '168'
Method 'SystemVoidSystemDoublecctor', ID = '169'
Method 'SystemVoidSystemArithmeticExceptionctor', ID = '173'
Method 'SystemStringSystemSRget_Arg_DivideByZero', ID = '175'
Method 'SystemStringSystemSRget_Arg_IndexOutOfRangeException', ID = '177'
Method 'SystemVoidCosmosDebugKernelDebuggerctorSystemStringSystemString', ID = '178'
Method 'SystemVoidCosmosDebugKernelPlugsAsmDebuggerAsmDoSendSystemString', ID = '180'
Method 'SystemVoidSystemExceptioncctor', ID = '181'
Method 'SystemVoidCosmosCoreINTsDummy', ID = '185'
Method 'SystemVoidCosmosCorePICctor', ID = '186'
Method 'SystemVoidCosmosHALTextScreenctor', ID = '199'
Method 'SystemVoidCosmosCoreGlobalInit', ID = '202'
Method 'SystemVoidCosmosHALPCISetup', ID = '204'
Method 'SystemVoidCosmosCoreACPIStartSystemBooleanSystemBoolean', ID = '205'
Method 'SystemVoidCosmosHALPS2ControllerInitialize', ID = '207'
Method 'SystemVoidCosmosHALBlockDeviceIDEInitDriver', ID = '208'
Method 'SystemVoidCosmosHALBlockDeviceAHCIInitDriver', ID = '209'
Method 'SystemVoidCosmosSystemKeyboardManagerset_NumLockSystemBoolean', ID = '210'
Method 'SystemVoidCosmosSystemKeyboardManagerset_CapsLockSystemBoolean', ID = '211'
Method 'SystemVoidCosmosSystemKeyboardManagerset_ScrollLockSystemBoolean', ID = '212'
Method 'SystemVoidfirstKernelCommandsCommandManagerctor', ID = '214'
Method 'SystemVoidCosmosHALGlobalcctor', ID = '215'
Method 'SystemStringfirstKernelCommandsCommandManagerprocessInputSystemString', ID = '220'
Method 'SystemVoidSystemConsolecctor', ID = '221'
Method 'SystemStringSystemEnvironmentget_NewLine', ID = '223'
Method 'SystemStringSystemStringConcatSystemStringSystemString', ID = '224'
Method 'SystemVoidCosmosSystem_PlugsSystemConsoleImplWriteSystemString', ID = '225'
Method 'SystemStringCosmosSystem_PlugsSystemInt32ImplToString', ID = '227'
Method 'SystemStringCosmosSystem_PlugsSystemUInt32ImplToString', ID = '228'
Method 'SystemStringCosmosSystem_PlugsSystemDoubleImplToString', ID = '229'
Method 'SystemStringCosmosCore_PlugsSystemExceptionImplToString', ID = '230'
Method 'SystemUInt32CosmosCoreMemoryOldGlobalSystemInfoget_TotalDataLookupTableSize', ID = '242'
Method 'SystemBooleanCosmosCoreCPUDisableInterrupts', ID = '246'
Method 'SystemVoidCosmosCoreMemoryOldHeapEnsureIsInitialized', ID = '247'
Method 'CosmosCoreMemoryOldGlobalInformationTablepointerCosmosCoreMemoryOldGlobalSystemInfoget_GlobalInformationTable', ID = '248'
Method 'SystemBooleanCosmosCoreMemoryOldHeapScanDataLookupTableCosmosCoreMemoryOldDataLookupTablepointerSystemUInt32SystemUInt32', ID = '250'
Method 'CosmosCoreMemoryOldDataLookupEntrypointerCosmosCoreMemoryOldDataLookupTableGetEntrySystemUInt32', ID = '253'
Method 'SystemVoidCosmosCoreMemoryOldHeapClearMemorySystemVoidpointerSystemUInt32', ID = '255'
Method 'SystemStringSystemSRGetResourceStringSystemStringSystemString', ID = '260'
Method 'SystemDoubleSystemBitConverterInt64BitsToDoubleSystemInt64', ID = '263'
Method 'SystemStringSystemSRget_Arg_ArithmeticException', ID = '265'
Method 'SystemVoidCosmosCoreBootstrapcctor', ID = '267'
Method 'SystemVoidCosmosCoreINTsHandleInterrupt_DefaultCosmosCoreINTsIRQContext', ID = '270'
Method 'SystemVoidCosmosCoreINTsHandleInterrupt_00CosmosCoreINTsIRQContext', ID = '271'
Method 'SystemVoidCosmosCoreINTsHandleInterrupt_01CosmosCoreINTsIRQContext', ID = '272'
Method 'SystemVoidCosmosCoreINTsHandleInterrupt_02CosmosCoreINTsIRQContext', ID = '273'
Method 'SystemVoidCosmosCoreINTsHandleInterrupt_03CosmosCoreINTsIRQContext', ID = '274'
Method 'SystemVoidCosmosCoreINTsHandleInterrupt_04CosmosCoreINTsIRQContext', ID = '275'
Method 'SystemVoidCosmosCoreINTsHandleInterrupt_05CosmosCoreINTsIRQContext', ID = '276'
Method 'SystemVoidCosmosCoreINTsHandleInterrupt_06CosmosCoreINTsIRQContext', ID = '277'
Method 'SystemVoidCosmosCoreINTsHandleInterrupt_07CosmosCoreINTsIRQContext', ID = '278'
Method 'SystemVoidCosmosCoreINTsHandleInterrupt_08CosmosCoreINTsIRQContext', ID = '279'
Method 'SystemVoidCosmosCoreINTsHandleInterrupt_09CosmosCoreINTsIRQContext', ID = '280'
Method 'SystemVoidCosmosCoreINTsHandleInterrupt_0ACosmosCoreINTsIRQContext', ID = '281'
Method 'SystemVoidCosmosCoreINTsHandleInterrupt_0BCosmosCoreINTsIRQContext', ID = '282'
Method 'SystemVoidCosmosCoreINTsHandleInterrupt_0CCosmosCoreINTsIRQContext', ID = '283'
Method 'SystemVoidCosmosCoreINTsHandleInterrupt_0DCosmosCoreINTsIRQContext', ID = '284'
Method 'SystemVoidCosmosCoreINTsHandleInterrupt_0ECosmosCoreINTsIRQContext', ID = '285'
Method 'SystemVoidCosmosCoreINTsHandleInterrupt_0FCosmosCoreINTsIRQContext', ID = '286'
Method 'SystemVoidCosmosCoreINTsHandleInterrupt_10CosmosCoreINTsIRQContext', ID = '287'
Method 'SystemVoidCosmosCoreINTsHandleInterrupt_11CosmosCoreINTsIRQContext', ID = '288'
Method 'SystemVoidCosmosCoreINTsHandleInterrupt_12CosmosCoreINTsIRQContext', ID = '289'
Method 'SystemVoidCosmosCoreINTsHandleInterrupt_13CosmosCoreINTsIRQContext', ID = '290'
Method 'SystemVoidCosmosCoreINTsHandleInterrupt_20CosmosCoreINTsIRQContext', ID = '291'
Method 'SystemVoidCosmosCoreINTsHandleInterrupt_21CosmosCoreINTsIRQContext', ID = '292'
Method 'SystemVoidCosmosCoreINTsHandleInterrupt_22CosmosCoreINTsIRQContext', ID = '293'
Method 'SystemVoidCosmosCoreINTsHandleInterrupt_23CosmosCoreINTsIRQContext', ID = '294'
Method 'SystemVoidCosmosCoreINTsHandleInterrupt_24CosmosCoreINTsIRQContext', ID = '295'
Method 'SystemVoidCosmosCoreINTsHandleInterrupt_25CosmosCoreINTsIRQContext', ID = '296'
Method 'SystemVoidCosmosCoreINTsHandleInterrupt_26CosmosCoreINTsIRQContext', ID = '297'
Method 'SystemVoidCosmosCoreINTsHandleInterrupt_27CosmosCoreINTsIRQContext', ID = '298'
Method 'SystemVoidCosmosCoreINTsHandleInterrupt_28CosmosCoreINTsIRQContext', ID = '299'
Method 'SystemVoidCosmosCoreINTsHandleInterrupt_29CosmosCoreINTsIRQContext', ID = '300'
Method 'SystemVoidCosmosCoreINTsHandleInterrupt_2ACosmosCoreINTsIRQContext', ID = '301'
Method 'SystemVoidCosmosCoreINTsHandleInterrupt_2BCosmosCoreINTsIRQContext', ID = '302'
Method 'SystemVoidCosmosCoreINTsHandleInterrupt_2CCosmosCoreINTsIRQContext', ID = '303'
Method 'SystemVoidCosmosCoreINTsHandleInterrupt_2DCosmosCoreINTsIRQContext', ID = '304'
Method 'SystemVoidCosmosCoreINTsHandleInterrupt_2ECosmosCoreINTsIRQContext', ID = '305'
Method 'SystemVoidCosmosCoreINTsHandleInterrupt_2FCosmosCoreINTsIRQContext', ID = '306'
Method 'SystemVoidCosmosCoreINTsHandleInterrupt_30CosmosCoreINTsIRQContext', ID = '307'
Method 'SystemVoidCosmosCoreINTsHandleInterrupt_35CosmosCoreINTsIRQContext', ID = '308'
Method 'SystemVoidCosmosCoreINTsHandleInterrupt_40CosmosCoreINTsIRQContext', ID = '309'
Method 'SystemVoidCosmosCoreINTsHandleInterrupt_41CosmosCoreINTsIRQContext', ID = '310'
Method 'SystemVoidCosmosCoreINTsHandleInterrupt_42CosmosCoreINTsIRQContext', ID = '311'
Method 'SystemVoidCosmosCoreINTsHandleInterrupt_43CosmosCoreINTsIRQContext', ID = '312'
Method 'SystemVoidCosmosCoreINTsHandleInterrupt_44CosmosCoreINTsIRQContext', ID = '313'
Method 'SystemVoidCosmosCoreINTsHandleInterrupt_45CosmosCoreINTsIRQContext', ID = '314'
Method 'SystemVoidCosmosCoreINTsHandleInterrupt_46CosmosCoreINTsIRQContext', ID = '315'
Method 'SystemVoidCosmosCoreINTsHandleInterrupt_47CosmosCoreINTsIRQContext', ID = '316'
Method 'SystemVoidCosmosCoreINTsHandleInterrupt_48CosmosCoreINTsIRQContext', ID = '317'
Method 'SystemVoidCosmosCoreINTsHandleInterrupt_49CosmosCoreINTsIRQContext', ID = '318'
Method 'SystemVoidCosmosCoreIOGroupPICctorSystemBoolean', ID = '320'
Method 'SystemVoidCosmosCorePICRemapSystemByteSystemByteSystemByteSystemByte', ID = '321'
Method 'SystemVoidCosmosCore_AsmCPUImplUpdateIDTSystemBoolean', ID = '322'
Method 'SystemVoidCosmosCore_AsmCPUImplInitSSE', ID = '323'
Method 'SystemVoidCosmosCore_AsmCPUImplInitFloat', ID = '324'
Method 'SystemUInt32CosmosCore_AsmMultibootImplGetMBIAddress', ID = '326'
Method 'SystemVoidCosmosCoreIOGroupTextScreenctor', ID = '328'
Method 'SystemVoidCosmosHALTextScreenBasector', ID = '329'
Method 'SystemVoidCosmosSystem_PlugsSystemConsoleImplClear', ID = '338'
Method 'SystemVoidSystemCollectionsGenericList1anonymousTypeCosmosHALPCIDevicector', ID = '340'
Method 'SystemUInt16CosmosHALPCIDeviceGetHeaderTypeSystemUInt16SystemUInt16SystemUInt16', ID = '342'
Method 'SystemVoidCosmosHALPCICheckBusSystemUInt16', ID = '343'
Method 'SystemUInt16CosmosHALPCIDeviceGetVendorIDSystemUInt16SystemUInt16SystemUInt16', ID = '344'
Method 'SystemBooleanCosmosCoreACPIInit', ID = '346'
Method 'SystemVoidCosmosCoreACPIEnable', ID = '347'
Method 'SystemVoidCosmosHALPS2ControllerSendCommandCosmosHALPS2ControllerCommandSystemNullable1anonymousTypeSystemByte', ID = '350'
Method 'SystemByteCosmosHALPS2ControllerReadData', ID = '351'
Method 'SystemBooleanCosmosHALPS2ControllerWaitToReadData', ID = '352'
Method 'SystemVoidSystemNullable1anonymousTypeSystemBytectorSystemByte', ID = '353'
Method 'SystemBooleanCosmosHALPS2ControllerTestPortSystemByte', ID = '354'
Method 'SystemVoidCosmosHALPS2ControllerIdentifyDeviceSystemByteCosmosHALDevice', ID = '355'
Method 'SystemVoidCosmosHALBlockDeviceIDEInitializeCosmosHALBlockDeviceAtaControllerIdEnumCosmosHALBlockDeviceAtaBusPositionEnum', ID = '358'
Method 'SystemVoidCosmosHALBlockDeviceAHCIctorCosmosHALPCIDevice', ID = '361'
Method 'SystemVoidCosmosSystem_PlugsSystemConsoleImplset_ForegroundColorSystemConsoleColor', ID = '367'
Method 'SystemVoidSystemCollectionsGenericList1anonymousTypefirstKernelCommandsCommandctor', ID = '369'
Method 'SystemVoidfirstKernelCommandsHelpctorSystemString', ID = '370'
Method 'SystemVoidSystemCollectionsGenericList1anonymousTypefirstKernelCommandsCommandAddfirstKernelCommandsCommand', ID = '371'
Method 'SystemVoidCosmosHALPITctor', ID = '372'
Method 'SystemVoidCosmosHALPS2Controllerctor', ID = '374'
Method 'SystemVoidCosmosCore_AsmCPUImplDoEnableInterrupts', ID = '375'
Method 'SystemStringCosmosSystem_PlugsSystemConsoleImplReadLine', ID = '376'
Method 'SystemStringarraySystemStringSplitSystemStringSystemStringSplitOptions', ID = '377'
Method 'SystemVoidSystemCollectionsGenericList1anonymousTypeSystemStringctor', ID = '378'
Method 'SystemVoidSystemCollectionsGenericList1anonymousTypeSystemStringAddSystemString', ID = '379'
Method 'SystemCollectionsGenericList1EnumeratoranonymousTypefirstKernelCommandsCommandSystemCollectionsGenericList1anonymousTypefirstKernelCommandsCommandGetEnumerator', ID = '380'
Method 'firstKernelCommandsCommandSystemCollectionsGenericList1EnumeratoranonymousTypefirstKernelCommandsCommandget_Current', ID = '381'
Method 'SystemBooleanSystemStringop_EqualitySystemStringSystemString', ID = '383'
Method 'SystemStringarraySystemCollectionsGenericList1anonymousTypeSystemStringToArray', ID = '384'
Method 'SystemStringfirstKernelCommandsCommandexecuteSystemStringarray', ID = '385'
Method 'SystemBooleanSystemCollectionsGenericList1EnumeratoranonymousTypefirstKernelCommandsCommandMoveNext', ID = '386'
Method 'SystemStringSystemStringConcatSystemStringSystemStringSystemString', ID = '389'
Method 'SystemVoidCosmosSystem_PlugsSystemConsoleImplcctor', ID = '393'
Method 'SystemBooleanSystemStringIsNullOrEmptySystemString', ID = '395'
Method 'SystemVoidSystemStringFillStringCheckedSystemStringSystemInt32SystemString', ID = '398'
Method 'CosmosSystemConsoleCosmosSystem_PlugsSystemConsoleImplGetConsole', ID = '399'
Method 'SystemBytearraySystemTextEncodingGetBytesSystemString', ID = '401'
Method 'SystemVoidCosmosSystemConsoleWriteSystemBytearray', ID = '402'
Method 'SystemTypeCosmosCore_PlugsSystemObjectImplGetType', ID = '404'
Method 'SystemStringCosmosCommonStringHelperGetNumberStringSystemInt32', ID = '407'
Method 'SystemStringCosmosCommonStringHelperGetNumberStringSystemUInt32', ID = '410'
Method 'SystemStringCosmosCommonStringHelperGetNumberStringSystemDouble', ID = '413'
Method 'SystemVoidCosmosCore_PlugsSystemObjectImplcctor', ID = '415'
Method 'SystemVoidCosmosDebugKernelPlugsAsmDebuggerAsmDoSendNumberSystemUInt32', ID = '416'
Method 'SystemUInt32CosmosCore_AsmCPUImplGetEndOfKernel', ID = '417'
Method 'SystemVoidCosmosCore_AsmCPUImplZeroFillSystemUInt32SystemUInt32', ID = '418'
Method 'SystemVoidCosmosCoreMemoryOldHeapcctor', ID = '419'
Method 'SystemVoidCosmosCoreMemoryOldHeapDoInitializeSystemUInt32', ID = '423'
Method 'SystemVoidSystemSRcctor', ID = '428'
Method 'SystemStringCosmosSystem_PlugsSystemIntPtrImplToString', ID = '431'
Method 'SystemVoidCosmosCoreCPUctor', ID = '434'
Method 'SystemVoidCosmosCoreINTscctor', ID = '435'
Method 'CosmosCorePICCosmosCoreGlobalget_PIC', ID = '437'
Method 'SystemVoidCosmosCorePICEoiSlave', ID = '438'
Method 'SystemVoidCosmosCorePICEoiMaster', ID = '439'
Method 'SystemVoidCosmosCoreINTsHandleExceptionSystemUInt32SystemStringSystemStringCosmosCoreINTsIRQContextSystemUInt32', ID = '440'
Method 'SystemVoidCosmosCore_AsmDelegateImplInvoke', ID = '668'
Method 'SystemVoidCosmosCoreINTsIRQSystemUInt32CosmosCoreINTsIRQContext', ID = '444'
Method 'SystemVoidCosmosCoreIOPortctorSystemUInt16', ID = '447'
Method 'SystemVoidCosmosCoreIOGroupIOGroupctor', ID = '448'
Method 'SystemByteCosmosCoreIOPortget_Byte', ID = '450'
Method 'SystemVoidCosmosCoreIOPortset_ByteSystemByte', ID = '451'
Method 'SystemVoidCosmosCoreIOPortWait', ID = '452'
Method 'SystemVoidCosmosCoreMemoryBlockctorSystemUInt32SystemUInt32', ID = '455'
Method 'SystemVoidCosmosHALDevicector', ID = '456'
Method 'SystemVoidCosmosHALTextScreenSetColorsSystemConsoleColorSystemConsoleColor', ID = '458'
Method 'SystemUInt16CosmosHALTextScreenget_Cols', ID = '460'
Method 'SystemUInt16CosmosHALTextScreenget_Rows', ID = '461'
Method 'SystemVoidCosmosHALTextScreenSetCursorSizeSystemInt32', ID = '462'
Method 'SystemVoidCosmosHALTextScreenSetCursorVisibleSystemBoolean', ID = '463'
Method 'SystemVoidCosmosCoreGlobalcctor', ID = '464'
Method 'SystemVoidCosmosSystemConsoleClear', ID = '465'
Method 'SystemUInt32CosmosHALPCIDeviceGetAddressBaseSystemUInt32SystemUInt32SystemUInt32', ID = '469'
Method 'SystemVoidCosmosCoreIOPortset_DWordSystemUInt32', ID = '472'
Method 'SystemUInt32CosmosCoreIOPortget_DWord', ID = '473'
Method 'SystemVoidCosmosHALPCIDevicectorSystemUInt32SystemUInt32SystemUInt32', ID = '474'
Method 'SystemVoidCosmosHALPCICheckFunctionCosmosHALPCIDevice', ID = '475'
Method 'SystemVoidCosmosCoreACPIcctor', ID = '476'
Method 'SystemUInt32CosmosCoreACPIRSDPAddress', ID = '477'
Method 'SystemInt32CosmosCoreACPIacpiCheckHeaderSystemBytepointerSystemString', ID = '478'
Method 'SystemInt32pointerCosmosCoreACPIfacpgetSystemInt32', ID = '480'
Method 'SystemInt32CosmosCoreACPICompareSystemStringSystemBytepointer', ID = '481'
Method 'SystemByteCosmosCoreACPIfacpbgetSystemInt32', ID = '485'
Method 'SystemStringSystemNullable1anonymousTypeSystemByteToString', ID = '496'
Method 'SystemBooleanCosmosHALPS2ControllerWaitToWrite', ID = '498'
Method 'SystemVoidCosmosCoreIOPortWriteset_ByteSystemByte', ID = '500'
Method 'SystemBooleanSystemNullable1anonymousTypeSystemByteget_HasValue', ID = '501'
Method 'SystemByteSystemNullable1anonymousTypeSystemByteget_Value', ID = '502'
Method 'SystemByteCosmosCoreIOPortReadget_Byte', ID = '503'
Method 'SystemStringCosmosCommonExtensionsToHexStringToHexSystemByte', ID = '505'
Method 'SystemStringSystemStringConcatSystemStringSystemStringSystemStringSystemString', ID = '506'
Method 'SystemStringSystemStringConcatSystemStringarray', ID = '507'
Method 'SystemVoidCosmosHALPS2ControllerSendDeviceCommandCosmosHALPS2ControllerDeviceCommandSystemBooleanSystemNullable1anonymousTypeSystemByte', ID = '509'
Method 'SystemBooleanCosmosHALPS2ControllerReadByteAfterAckWithTimeoutSystemByte', ID = '510'
Method 'SystemVoidCosmosHALPS2MousectorSystemByteSystemByte', ID = '511'
Method 'SystemBooleanCosmosHALPS2ControllerReadDataWithTimeoutSystemByte', ID = '513'
Method 'SystemVoidCosmosHALPS2KeyboardctorSystemByte', ID = '514'
Method 'SystemVoidCosmosHALBlockDeviceIDEcctor', ID = '516'
Method 'SystemVoidCosmosHALBlockDeviceAtaPioctorCosmosCoreIOGroupATACosmosHALBlockDeviceAtaControllerIdEnumCosmosHALBlockDeviceAtaBusPositionEnum', ID = '521'
Method 'CosmosHALBlockDeviceAtaPioSpecLevelCosmosHALBlockDeviceAtaPioget_DriveType', ID = '522'
Method 'SystemVoidSystemCollectionsGenericList1anonymousTypeCosmosHALBlockDeviceBlockDeviceAddCosmosHALBlockDeviceBlockDevice', ID = '525'
Method 'SystemBooleanCosmosHALBlockDeviceGPTIsGPTPartitionCosmosHALBlockDeviceBlockDevice', ID = '528'
Method 'SystemVoidCosmosHALBlockDeviceGPTctorCosmosHALBlockDeviceBlockDevice', ID = '529'
Method 'SystemInt32SystemCollectionsGenericList1anonymousTypeCosmosHALBlockDeviceGPTGPartInfoget_Count', ID = '531'
Method 'SystemVoidCosmosDebugKernelDebuggerSendNumberSystemInt32', ID = '532'
Method 'CosmosHALBlockDeviceGPTGPartInfoSystemCollectionsGenericList1anonymousTypeCosmosHALBlockDeviceGPTGPartInfoget_ItemSystemInt32', ID = '533'
Method 'SystemVoidCosmosHALBlockDevicePartitionctorCosmosHALBlockDeviceBlockDeviceSystemUInt64SystemUInt64', ID = '535'
Method 'SystemVoidCosmosHALBlockDeviceMBRctorSystemBytearray', ID = '537'
Method 'SystemVoidCosmosHALBlockDeviceEBRctorSystemBytearray', ID = '539'
Method 'SystemInt32SystemCollectionsGenericList1anonymousTypeCosmosHALBlockDeviceEBRPartInfoget_Count', ID = '541'
Method 'SystemInt32SystemCollectionsGenericList1anonymousTypeCosmosHALBlockDeviceMBRPartInfoget_Count', ID = '542'
Method 'CosmosHALBlockDeviceMBRPartInfoSystemCollectionsGenericList1anonymousTypeCosmosHALBlockDeviceMBRPartInfoget_ItemSystemInt32', ID = '543'
Method 'SystemVoidCosmosHALBlockDeviceAHCIcctor', ID = '545'
Method 'SystemVoidCosmosHALPCIDeviceEnableBusMasterSystemBoolean', ID = '546'
Method 'SystemVoidCosmosHALPCIDeviceEnableMemorySystemBoolean', ID = '547'
Method 'SystemUInt32CosmosHALPCIBaseAddressBarget_BaseAddress', ID = '548'
Method 'SystemVoidCosmosHALBlockDeviceRegistersGenericRegistersctorSystemUInt32', ID = '550'
Method 'SystemUInt32CosmosHALBlockDeviceRegistersGenericRegistersget_GlobalHostControl', ID = '552'
Method 'SystemVoidCosmosHALBlockDeviceRegistersGenericRegistersset_GlobalHostControlSystemUInt32', ID = '553'
Method 'SystemVoidCosmosHALBlockDeviceAHCIGetCapabilities', ID = '554'
Method 'SystemVoidSystemCollectionsGenericList1anonymousTypeCosmosHALBlockDevicePortsStoragePortset_CapacitySystemInt32', ID = '557'
Method 'SystemVoidCosmosHALBlockDeviceAHCIGetPorts', ID = '558'
Method 'SystemCollectionsGenericList1EnumeratoranonymousTypeCosmosHALBlockDevicePortsStoragePortSystemCollectionsGenericList1anonymousTypeCosmosHALBlockDevicePortsStoragePortGetEnumerator', ID = '559'
Method 'CosmosHALBlockDevicePortsStoragePortSystemCollectionsGenericList1EnumeratoranonymousTypeCosmosHALBlockDevicePortsStoragePortget_Current', ID = '560'
Method 'SystemBooleanSystemCollectionsGenericList1EnumeratoranonymousTypeCosmosHALBlockDevicePortsStoragePortMoveNext', ID = '567'
Method 'SystemVoidCosmosSystemKeyboardManagercctor', ID = '569'
Method 'SystemVoidCosmosSystemConsoleset_ForegroundSystemConsoleColor', ID = '573'
Method 'SystemVoidfirstKernelCommandsCommandctorSystemString', ID = '577'
Method 'SystemVoidSystemCollectionsGenericList1anonymousTypefirstKernelCommandsCommandAddWithResizefirstKernelCommandsCommand', ID = '578'
Method 'SystemVoidSystemCollectionsGenericList1anonymousTypeCosmosHALPITPITTimerctor', ID = '580'
Method 'SystemVoidCosmosHALPITHandleIRQCosmosCoreINTsIRQContext', ID = '581'
Method 'SystemVoidCosmosCore_AsmDelegateImplCtorSystemObjectSystemIntPtr', ID = '831'
Method 'SystemVoidCosmosCoreINTsSetIrqHandlerSystemByteCosmosCoreINTsIRQDelegate', ID = '583'
Method 'SystemVoidCosmosHALPITset_T0CountdownSystemUInt16', ID = '584'
Method 'SystemVoidSystemCollectionsGenericList1anonymousTypeSystemCharctorSystemInt32', ID = '585'
Method 'CosmosSystemConsoleKeyExCosmosSystemKeyEventget_Key', ID = '586'
Method 'SystemInt32CosmosSystemConsoleget_X', ID = '587'
Method 'SystemVoidSystemCollectionsGenericList1anonymousTypeSystemCharRemoveAtSystemInt32', ID = '588'
Method 'SystemVoidCosmosSystemConsoleset_XSystemInt32', ID = '589'
Method 'SystemCharSystemCollectionsGenericList1anonymousTypeSystemCharget_ItemSystemInt32', ID = '590'
Method 'SystemVoidCosmosSystem_PlugsSystemConsoleImplWriteSystemChar', ID = '591'
Method 'SystemInt32SystemCollectionsGenericList1anonymousTypeSystemCharget_Count', ID = '592'
Method 'SystemCharCosmosSystemKeyEventget_KeyChar', ID = '593'
Method 'SystemVoidSystemCollectionsGenericList1anonymousTypeSystemCharAddSystemChar', ID = '594'
Method 'SystemVoidSystemCollectionsGenericList1anonymousTypeSystemCharctor', ID = '595'
Method 'CosmosSystemKeyEventCosmosSystemKeyboardManagerReadKey', ID = '596'
Method 'SystemVoidCosmosSystem_PlugsSystemConsoleImplWriteLine', ID = '597'
Method 'SystemChararraySystemCollectionsGenericList1anonymousTypeSystemCharToArray', ID = '598'
Method 'SystemStringarraySystemStringSplitInternalSystemStringSystemStringarraySystemInt32SystemStringSplitOptions', ID = '602'
Method 'SystemVoidSystemCollectionsGenericList1anonymousTypeSystemStringAddWithResizeSystemString', ID = '605'
Method 'SystemVoidSystemCollectionsGenericList1EnumeratoranonymousTypefirstKernelCommandsCommandctorSystemCollectionsGenericList1anonymousTypefirstKernelCommandsCommand', ID = '606'
Method 'SystemBooleanSystemStringEqualsSystemStringSystemString', ID = '607'
Method 'SystemVoidSystemArrayCopySystemArraySystemInt32SystemArraySystemInt32SystemInt32', ID = '608'
Method 'SystemStringfirstKernelCommandsHelpexecuteSystemStringarray', ID = '609'
Method 'SystemBooleanSystemCollectionsGenericList1EnumeratoranonymousTypefirstKernelCommandsCommandMoveNextRare', ID = '610'
Method 'SystemVoidSystemCollectionsGenericList1EnumeratoranonymousTypefirstKernelCommandsCommandDispose', ID = '614'
Method 'SystemVoidSystemCollectionsGenericList1EnumeratoranonymousTypeCosmosHALBlockDevicePortsStoragePortDispose', ID = '615'
Method 'SystemTextEncodingSystemTextEncodingget_ASCII', ID = '617'
Method 'SystemInt32CosmosCore_PlugsSystemStringImplget_LengthSystemInt32', ID = '621'
Method 'SystemStringCosmosCore_PlugsSystemStringImplFastAllocateStringSystemInt32', ID = '622'
Method 'SystemVoidSystemStringwstrcpySystemCharpointerSystemCharpointerSystemInt32', ID = '623'
Method 'SystemStringSystemSRget_ArgumentNull_String', ID = '626'
Method 'SystemVoidSystemArgumentNullExceptionctorSystemStringSystemString', ID = '627'
Method 'SystemInt32SystemTextEncodingGetByteCountSystemString', ID = '628'
Method 'SystemInt32SystemTextEncodingGetBytesSystemStringSystemInt32SystemInt32SystemBytearraySystemInt32', ID = '629'
Method 'SystemVoidCosmosSystemConsoleDoLineFeed', ID = '630'
Method 'SystemVoidCosmosSystemConsoleDoCarriageReturn', ID = '631'
Method 'SystemVoidCosmosSystemConsoleDoTab', ID = '632'
Method 'SystemVoidCosmosSystemConsoleWriteSystemByte', ID = '633'
Method 'SystemStringSystemTypeToString', ID = '636'
Method 'SystemVoidCosmosCoreCosmosRuntimeTypectorSystemUInt32', ID = '640'
Method 'SystemInt64SystemBitConverterDoubleToInt64BitsSystemDouble', ID = '642'
Method 'SystemStringSystemCharToString', ID = '644'
Method 'SystemStringSystemStringSubstringSystemInt32SystemInt32', ID = '647'
Method 'SystemStringSystemArgumentOutOfRangeExceptionget_Message', ID = '648'
Method 'SystemStringSystemArgumentExceptionget_Message', ID = '649'
Method 'SystemStringCosmosCore_PlugsSystemExceptionImplget_Message', ID = '650'
Method 'SystemVoidCosmosCore_AsmCPUImplDoDisableInterrupts', ID = '651'
Method 'SystemUInt32CosmosCore_AsmCPUImplGetAmountOfRAM', ID = '652'
Method 'SystemStringCosmosCore_PlugsSystemSRImplInternalGetResourceStringSystemString', ID = '656'
Method 'SystemBooleanCosmosCore_PlugsSystemStringImplEqualsSystemStringSystemStringComparison', ID = '658'
Method 'SystemVoidSystemBitConvertercctor', ID = '663'
Method 'SystemVoidCosmosCoreINTsPutErrorCharSystemInt32SystemInt32SystemChar', ID = '666'
Method 'SystemVoidCosmosCoreINTsPutErrorStringSystemInt32SystemInt32SystemString', ID = '667'
Method 'SystemVoidCosmosCoreIOPortBasectorSystemUInt16', ID = '670'
Method 'SystemVoidCosmosCoreMemoryBlock08ctorSystemUInt32SystemUInt32', ID = '676'
Method 'SystemVoidCosmosCoreMemoryBlock16ctorSystemUInt32SystemUInt32', ID = '677'
Method 'SystemVoidCosmosCoreMemoryBlock32ctorSystemUInt32SystemUInt32', ID = '678'
Method 'SystemVoidCosmosCoreBaseIOGroupsctor', ID = '683'
Method 'SystemVoidCosmosSystemConsoleUpdateCursor', ID = '685'
Method 'SystemVoidSystemCollectionsGenericList1anonymousTypeCosmosHALPCIDevicecctor', ID = '686'
Method 'SystemVoidCosmosHALPCIDevicecctor', ID = '692'
Method 'SystemUInt16CosmosHALPCIDeviceReadRegister16SystemByte', ID = '695'
Method 'SystemByteCosmosHALPCIDeviceReadRegister8SystemByte', ID = '696'
Method 'SystemVoidCosmosHALPCIDeviceset_InterruptLineSystemByte', ID = '697'
Method 'SystemUInt32CosmosHALPCIDeviceReadRegister32SystemByte', ID = '699'
Method 'SystemVoidCosmosHALPCIBaseAddressBarctorSystemUInt32', ID = '700'
Method 'SystemVoidSystemCollectionsGenericList1anonymousTypeCosmosHALPCIDeviceAddCosmosHALPCIDevice', ID = '701'
Method 'SystemBooleanCosmosCoreACPICheck_RSDSystemUInt32', ID = '703'
Method 'SystemVoidSystemThrowHelperThrowInvalidOperationExceptionSystemExceptionResource', ID = '707'
Method 'SystemStringCosmosSystem_PlugsSystemByteImplToString', ID = '709'
Method 'SystemStringCosmosCommonExtensionsToHexStringConvertToHexSystemUInt32SystemInt32', ID = '711'
Method 'SystemVoidSystemArgumentNullExceptionctorSystemString', ID = '712'
Method 'SystemObjectSystemArrayClone', ID = '714'
Method 'SystemBooleanCosmosHALPS2ControllerWaitForAck', ID = '716'
Method 'SystemVoidCosmosHALMouseBasector', ID = '719'
Method 'SystemVoidCosmosHALPS2MouseInitialize', ID = '721'
Method 'SystemVoidCosmosHALKeyboardBasector', ID = '723'
Method 'SystemVoidCosmosHALPS2KeyboardInitialize', ID = '725'
Method 'CosmosHALPCIDeviceCosmosHALPCIGetDeviceClassCosmosHALClassIDCosmosHALSubclassID', ID = '726'
Method 'SystemVoidCosmosCoreBaseIOGroupscctor', ID = '727'
Method 'SystemVoidCosmosHALBlockDeviceAtactor', ID = '730'
Method 'CosmosHALBlockDeviceAtaPioSpecLevelCosmosHALBlockDeviceAtaPioDiscoverDrive', ID = '731'
Method 'SystemVoidCosmosHALBlockDeviceAtaPioInitDrive', ID = '732'
Method 'SystemVoidCosmosHALBlockDeviceBlockDevicecctor', ID = '734'
Method 'SystemVoidSystemCollectionsGenericList1anonymousTypeCosmosHALBlockDeviceBlockDeviceAddWithResizeCosmosHALBlockDeviceBlockDevice', ID = '736'
Method 'SystemVoidCosmosHALBlockDeviceAtacctor', ID = '737'
Method 'SystemStringCosmosHALBlockDeviceAtaToString', ID = '738'
Method 'SystemUInt64SystemBitConverterToUInt64SystemBytearraySystemInt32', ID = '739'
Method 'SystemVoidSystemCollectionsGenericList1anonymousTypeCosmosHALBlockDeviceGPTGPartInfoctor', ID = '740'
Method 'SystemUInt32SystemBitConverterToUInt32SystemBytearraySystemInt32', ID = '741'
Method 'SystemVoidCosmosHALBlockDeviceGPTParseParitionSystemBytearraySystemUInt32', ID = '742'
Method 'SystemVoidSystemThrowHelperThrowArgumentOutOfRange_IndexException', ID = '745'
Method 'SystemVoidCosmosHALBlockDeviceBlockDevicector', ID = '748'
Method 'SystemUInt64CosmosHALBlockDeviceBlockDeviceget_BlockSize', ID = '749'
Method 'SystemVoidCosmosHALBlockDeviceAtaPioReadBlockSystemUInt64SystemUInt64SystemBytearray', ID = '751'
Method 'SystemVoidCosmosHALBlockDevicePartitionReadBlockSystemUInt64SystemUInt64SystemBytearray', ID = '752'
Method 'SystemVoidSystemCollectionsGenericList1anonymousTypeCosmosHALBlockDeviceMBRPartInfoctor', ID = '753'
Method 'SystemVoidCosmosHALBlockDeviceMBRParsePartitionSystemBytearraySystemUInt32', ID = '754'
Method 'SystemVoidSystemCollectionsGenericList1anonymousTypeCosmosHALBlockDeviceEBRPartInfoctor', ID = '755'
Method 'SystemVoidCosmosHALBlockDeviceEBRParsePartitionSystemBytearraySystemUInt32', ID = '756'
Method 'CosmosHALPCIDeviceCosmosHALPCIGetDeviceClassCosmosHALClassIDCosmosHALSubclassIDCosmosHALProgramIF', ID = '759'
Method 'SystemVoidSystemCollectionsGenericList1anonymousTypeCosmosHALBlockDevicePortsStoragePortctor', ID = '760'
Method 'SystemVoidCosmosHALPCIDeviceWriteRegister16SystemByteSystemUInt16', ID = '761'
Method 'SystemUInt32CosmosCoreMemoryBlockget_ItemSystemUInt32', ID = '763'
Method 'SystemVoidCosmosCoreMemoryBlockset_ItemSystemUInt32SystemUInt32', ID = '764'
Method 'SystemUInt32CosmosHALBlockDeviceRegistersGenericRegistersget_Capabilities', ID = '765'
Method 'SystemVoidSystemThrowHelperThrowArgumentOutOfRangeExceptionSystemExceptionArgumentSystemExceptionResource', ID = '786'
Method 'SystemUInt32CosmosHALBlockDeviceRegistersGenericRegistersget_ImplementedPorts', ID = '789'
Method 'SystemVoidCosmosHALBlockDeviceRegistersPortRegistersctorSystemUInt32SystemUInt32', ID = '790'
Method 'CosmosHALBlockDeviceRegistersPortTypeCosmosHALBlockDeviceAHCICheckPortTypeCosmosHALBlockDeviceRegistersPortRegisters', ID = '791'
Method 'SystemStringSystemStringPadLeftSystemInt32SystemChar', ID = '793'
Method 'SystemVoidCosmosHALBlockDeviceAHCIPortRebaseCosmosHALBlockDeviceRegistersPortRegistersSystemUInt32', ID = '794'
Method 'SystemVoidCosmosHALBlockDevicePortsSATActorCosmosHALBlockDeviceRegistersPortRegisters', ID = '795'
Method 'SystemVoidSystemCollectionsGenericList1anonymousTypeCosmosHALBlockDevicePortsStoragePortAddCosmosHALBlockDevicePortsStoragePort', ID = '796'
Method 'SystemVoidSystemCollectionsGenericList1EnumeratoranonymousTypeCosmosHALBlockDevicePortsStoragePortctorSystemCollectionsGenericList1anonymousTypeCosmosHALBlockDevicePortsStoragePort', ID = '797'
Method 'SystemStringCosmosCore_PlugsSystemStringImplFormatSystemStringSystemObjectSystemObject', ID = '799'
Method 'SystemStringCosmosCore_PlugsSystemStringImplFormatSystemStringSystemObject', ID = '800'
Method 'SystemBooleanSystemCollectionsGenericList1EnumeratoranonymousTypeCosmosHALBlockDevicePortsStoragePortMoveNextRare', ID = '801'
Method 'SystemVoidSystemCollectionsGenericList1anonymousTypeCosmosHALKeyboardBasector', ID = '803'
Method 'SystemVoidCosmosSystemScanMapsUS_Standardctor', ID = '805'
Method 'SystemVoidSystemCollectionsGenericQueue1anonymousTypeCosmosSystemKeyEventctor', ID = '807'
Method 'SystemCollectionsGenericIEnumerable1anonymousTypeCosmosHALKeyboardBaseCosmosHALGlobalGetKeyboardDevices', ID = '809'
Method 'SystemVoidCosmosSystemKeyboardManagerAddKeyboardCosmosHALKeyboardBase', ID = '812'
Method 'SystemStringCosmosSystem_PlugsSystemEnumImplToString', ID = '814'
Method 'SystemConsoleColorCosmosSystemConsoleget_Background', ID = '815'
Method 'SystemVoidSystemCollectionsGenericList1anonymousTypefirstKernelCommandsCommandcctor', ID = '816'
Method 'SystemVoidSystemCollectionsGenericList1anonymousTypefirstKernelCommandsCommandEnsureCapacitySystemInt32', ID = '822'
Method 'SystemUInt32CosmosHALPITget_T0DelyNS', ID = '825'
Method 'SystemInt32SystemCollectionsGenericList1anonymousTypeCosmosHALPITPITTimerget_Count', ID = '826'
Method 'CosmosHALPITPITTimerSystemCollectionsGenericList1anonymousTypeCosmosHALPITPITTimerget_ItemSystemInt32', ID = '827'
Method 'SystemVoidSystemCollectionsGenericList1anonymousTypeCosmosHALPITPITTimerRemoveAtSystemInt32', ID = '829'
Method 'SystemVoidCosmosCore_AsmDelegateImplInvoke', ID = '668'
Method 'SystemVoidCosmosCoreINTsSetIntHandlerSystemByteCosmosCoreINTsIRQDelegate', ID = '832'
Method 'SystemVoidSystemCollectionsGenericList1anonymousTypeSystemCharAddWithResizeSystemChar', ID = '840'
Method 'SystemVoidCosmosHALKeyboardBaseWaitForKey', ID = '841'
Method 'SystemInt32SystemCollectionsGenericQueue1anonymousTypeCosmosSystemKeyEventget_Count', ID = '842'
Method 'CosmosSystemKeyEventSystemCollectionsGenericQueue1anonymousTypeCosmosSystemKeyEventDequeue', ID = '843'
Method 'SystemVoidCosmosCore_PlugsSystemStringImplCtorSystemChararraySystemStringSystemInt32SystemCharpointer', ID = '845'
Method 'SystemStringSystemSRget_ArgumentOutOfRange_NegativeCount', ID = '851'
Method 'SystemVoidSystemArgumentOutOfRangeExceptionctorSystemStringSystemString', ID = '852'
Method 'SystemStringSystemSRget_Arg_EnumIllegalVal', ID = '853'
Method 'SystemStringSystemSRFormatSystemStringSystemObject', ID = '854'
Method 'SystemVoidSystemArgumentExceptionctorSystemString', ID = '855'
Method 'SystemStringarraySystemStringSplitInternalSystemChararraySystemInt32SystemStringSplitOptions', ID = '856'
Method 'SystemStringarraySystemArrayEmptySystemString', ID = '857'
Method 'SystemInt32SystemStringMakeSeparatorListSystemStringSystemInt32array', ID = '858'
Method 'SystemInt32SystemStringMakeSeparatorListSystemStringarraySystemInt32arraySystemInt32array', ID = '859'
Method 'SystemStringarraySystemStringSplitOmitEmptyEntriesSystemInt32arraySystemInt32arraySystemInt32SystemInt32SystemInt32', ID = '860'
Method 'SystemStringarraySystemStringSplitKeepEmptyEntriesSystemInt32arraySystemInt32arraySystemInt32SystemInt32SystemInt32', ID = '861'
Method 'SystemVoidSystemCollectionsGenericList1anonymousTypeSystemStringcctor', ID = '862'
Method 'SystemVoidSystemCollectionsGenericList1anonymousTypeSystemStringEnsureCapacitySystemInt32', ID = '863'
Method 'SystemVoidSystemThrowHelperThrowInvalidOperationException_InvalidOperation_EnumFailedVersion', ID = '866'
Method 'SystemVoidCosmosCore_PlugsSystemEnvironmentImplCCtor', ID = '869'
Method 'SystemVoidSystemBufferMemcpySystemBytepointerSystemBytepointerSystemInt32', ID = '872'
Method 'SystemVoidSystemTextEncodingcctor', ID = '873'
Method 'SystemInt32SystemTextASCIIEncodingGetByteCountSystemString', ID = '880'
Method 'SystemInt32SystemTextASCIIEncodingGetBytesSystemStringSystemInt32SystemInt32SystemBytearraySystemInt32', ID = '882'
Method 'SystemVoidCosmosCore_PlugsSystemTypeImplCCtor', ID = '886'
Method 'SystemVoidCosmosCoreCosmosRuntimeTypector', ID = '889'
Method 'SystemVoidCosmosCommonStringHelpercctor', ID = '890'
Method 'SystemStringCosmosSystem_PlugsSystemUInt64ImplToString', ID = '891'
Method 'SystemStringSystemCharToStringSystemChar', ID = '892'
Method 'SystemCharCosmosCore_PlugsSystemStringImplget_CharsSystemInt32SystemCharpointer', ID = '893'
Method 'SystemChararrayCosmosCore_PlugsSystemStringImplToCharArray', ID = '894'
Method 'SystemStringSystemSRget_ArgumentOutOfRange_StartIndex', ID = '895'
Method 'SystemStringSystemSRget_ArgumentOutOfRange_StartIndexLargerThanLength', ID = '896'
Method 'SystemStringSystemSRget_ArgumentOutOfRange_NegativeLength', ID = '897'
Method 'SystemStringSystemSRget_ArgumentOutOfRange_IndexLength', ID = '898'
Method 'SystemStringSystemStringInternalSubStringSystemInt32SystemInt32', ID = '899'
Method 'SystemStringSystemSRget_ArgumentOutOfRange_ActualValue', ID = '900'
Method 'SystemStringSystemSRget_Arg_ParamName_Name', ID = '901'
Method 'SystemStringSystemStringToLower', ID = '903'
Method 'SystemBooleanCosmosCore_PlugsSystemStringImplEqualsHelperSystemStringSystemString', ID = '904'
Method 'SystemStringCosmosSystem_PlugsSystemInt64ImplToString', ID = '905'
Method 'SystemVoidSystemNotImplementedExceptionctor', ID = '908'
Method 'SystemByteCosmosCore_AsmIOPortImplRead8SystemUInt16', ID = '909'
Method 'SystemVoidCosmosCore_AsmIOPortImplWrite8SystemUInt16SystemByte', ID = '910'
Method 'SystemStringCosmosSystem_PlugsSystemUInt16ImplToString', ID = '914'
Method 'SystemVoidCosmosCoreIOGroupPS2Controllerctor', ID = '915'
Method 'SystemVoidCosmosCoreIOGroupPITctor', ID = '916'
Method 'SystemVoidCosmosCoreIOGroupATActorSystemBoolean', ID = '917'
Method 'SystemVoidCosmosCoreIOGroupRTCctor', ID = '918'
Method 'SystemVoidCosmosCoreIOGroupVBEIOGroupctor', ID = '919'
Method 'SystemVoidCosmosHALTextScreenClear', ID = '920'
Method 'SystemVoidCosmosCoreIOGroupPCIctor', ID = '922'
Method 'SystemVoidCosmosCore_AsmIOPortImplWrite32SystemUInt16SystemUInt32', ID = '923'
Method 'SystemUInt32CosmosCore_AsmIOPortImplRead32SystemUInt16', ID = '924'
Method 'SystemVoidSystemCollectionsGenericList1anonymousTypeCosmosHALPCIDeviceAddWithResizeCosmosHALPCIDevice', ID = '925'
Method 'SystemInvalidOperationExceptionSystemThrowHelperGetInvalidOperationExceptionSystemExceptionResource', ID = '928'
Method 'SystemStringCosmosCommonExtensionsToHexStringConvertToHexSystemUInt32', ID = '930'
Method 'SystemStringSystemSRget_ArgumentNull_Generic', ID = '931'
Method 'SystemVoidCosmosCore_PlugsSystemOutOfMemoryExceptionImplCtor', ID = '933'
Method 'SystemVoidCosmosHALPS2Mousecctor', ID = '935'
Method 'SystemVoidCosmosHALPS2MouseSendCommandCosmosHALPS2MouseCommandSystemNullable1anonymousTypeSystemByte', ID = '936'
Method 'SystemBooleanCosmosHALPS2ControllerWaitForDeviceReset', ID = '937'
Method 'SystemByteCosmosHALPS2MouseTryToEnableScrollWheel', ID = '938'
Method 'SystemByteCosmosHALPS2MouseTryToEnableAdditionalButtons', ID = '939'
Method 'SystemVoidCosmosHALPS2MouseHandleMouseCosmosCoreINTsIRQContext', ID = '940'
Method 'SystemVoidCosmosHALPS2KeyboardSendCommandCosmosHALPS2KeyboardCommandSystemNullable1anonymousTypeSystemByte', ID = '941'
Method 'SystemVoidCosmosHALPS2KeyboardHandleIRQCosmosCoreINTsIRQContext', ID = '942'
Method 'SystemCollectionsGenericList1EnumeratoranonymousTypeCosmosHALPCIDeviceSystemCollectionsGenericList1anonymousTypeCosmosHALPCIDeviceGetEnumerator', ID = '946'
Method 'CosmosHALPCIDeviceSystemCollectionsGenericList1EnumeratoranonymousTypeCosmosHALPCIDeviceget_Current', ID = '947'
Method 'SystemBooleanSystemCollectionsGenericList1EnumeratoranonymousTypeCosmosHALPCIDeviceMoveNext', ID = '948'
Method 'SystemVoidCosmosCoreIOGroupPCSpeakerctor', ID = '950'
Method 'SystemVoidCosmosHALBlockDeviceAtaPiocctor', ID = '952'
Method 'SystemStringCosmosHALBlockDeviceAtaPioToString', ID = '953'
Method 'SystemVoidCosmosHALBlockDeviceAtaPioSelectDriveSystemByte', ID = '954'
Method 'CosmosHALBlockDeviceAtaPioStatusCosmosHALBlockDeviceAtaPioSendCmdCosmosHALBlockDeviceAtaPioCmdSystemBoolean', ID = '955'
Method 'CosmosHALBlockDeviceAtaPioStatusCosmosHALBlockDeviceAtaPioSendCmdCosmosHALBlockDeviceAtaPioCmd', ID = '956'
Method 'SystemVoidCosmosCoreIOPortBaseRead16SystemUInt16array', ID = '957'
Method 'SystemStringCosmosHALBlockDeviceAtaPioGetStringSystemUInt16arraySystemInt32SystemInt32', ID = '958'
Method 'SystemVoidSystemCollectionsGenericList1anonymousTypeCosmosHALBlockDeviceBlockDevicector', ID = '959'
Method 'SystemVoidSystemCollectionsGenericList1anonymousTypeCosmosHALBlockDeviceBlockDevicecctor', ID = '960'
Method 'SystemVoidSystemCollectionsGenericList1anonymousTypeCosmosHALBlockDeviceBlockDeviceEnsureCapacitySystemInt32', ID = '966'
Method 'SystemInt64SystemBitConverterReadInt64SystemBytearraySystemInt32', ID = '967'
Method 'SystemInt32SystemBitConverterReadInt32SystemBytearraySystemInt32', ID = '969'
Method 'SystemVoidSystemArrayCopySystemArraySystemInt64SystemArraySystemInt64SystemInt64', ID = '970'
Method 'SystemVoidSystemGuidctorSystemBytearray', ID = '971'
Method 'SystemBooleanSystemGuidop_InequalitySystemGuidSystemGuid', ID = '974'
Method 'SystemVoidCosmosHALBlockDeviceGPTGPartInfoctorSystemGuidSystemGuidSystemUInt64SystemUInt64', ID = '975'
Method 'SystemVoidSystemCollectionsGenericList1anonymousTypeCosmosHALBlockDeviceGPTGPartInfoAddCosmosHALBlockDeviceGPTGPartInfo', ID = '976'
Method 'SystemVoidSystemCollectionsGenericList1anonymousTypeCosmosHALBlockDeviceGPTGPartInfocctor', ID = '977'
Method 'SystemVoidCosmosDebugKernelPlugsAsmDebuggerAsmDoSendNumberSystemInt32', ID = '983'
Method 'SystemArgumentOutOfRangeExceptionSystemThrowHelperGetArgumentOutOfRangeExceptionSystemExceptionArgumentSystemExceptionResource', ID = '984'
Method 'SystemStringCosmosHALBlockDevicePartitionToString', ID = '987'
Method 'SystemVoidCosmosHALBlockDeviceBlockDeviceCheckDataSizeSystemBytearraySystemUInt64', ID = '988'
Method 'SystemVoidCosmosHALBlockDeviceAtaPioSelectSectorSystemUInt64SystemUInt64', ID = '989'
Method 'SystemVoidCosmosCoreIOPortBaseRead8SystemBytearray', ID = '990'
Method 'SystemVoidCosmosHALBlockDeviceBlockDeviceCheckBlockNoSystemUInt64SystemUInt64', ID = '991'
Method 'SystemVoidCosmosHALBlockDeviceMBRPartInfoctorSystemByteSystemUInt32SystemUInt32', ID = '993'
Method 'SystemVoidSystemCollectionsGenericList1anonymousTypeCosmosHALBlockDeviceMBRPartInfoAddCosmosHALBlockDeviceMBRPartInfo', ID = '994'
Method 'SystemVoidCosmosHALBlockDeviceEBRPartInfoctorSystemByteSystemUInt32SystemUInt32', ID = '996'
Method 'SystemVoidSystemCollectionsGenericList1anonymousTypeCosmosHALBlockDeviceEBRPartInfoAddCosmosHALBlockDeviceEBRPartInfo', ID = '997'
Method 'SystemVoidSystemCollectionsGenericList1anonymousTypeCosmosHALBlockDeviceEBRPartInfocctor', ID = '998'
Method 'SystemVoidSystemCollectionsGenericList1anonymousTypeCosmosHALBlockDeviceMBRPartInfocctor', ID = '1004'
Method 'SystemVoidCosmosCoreIOPortset_WordSystemUInt16', ID = '1011'
Method 'SystemVoidSystemCollectionsGenericList1anonymousTypeCosmosHALBlockDevicePortsStoragePortcctor', ID = '1012'
Method 'SystemUInt32CosmosHALBlockDeviceRegistersPortRegistersget_SSTS', ID = '1019'
Method 'SystemUInt32CosmosHALBlockDeviceRegistersPortRegistersget_SIG', ID = '1020'
Method 'SystemStringSystemSRget_ArgumentOutOfRange_NeedNonNegNum', ID = '1021'
Method 'SystemBooleanCosmosHALBlockDeviceAHCIStopCMDCosmosHALBlockDeviceRegistersPortRegisters', ID = '1022'
Method 'SystemVoidCosmosHALBlockDevicePortsSATAPortResetCosmosHALBlockDeviceRegistersPortRegisters', ID = '1023'
Method 'SystemVoidCosmosHALBlockDeviceRegistersPortRegistersset_CLBSystemUInt32', ID = '1024'
Method 'SystemVoidCosmosHALBlockDeviceRegistersPortRegistersset_FBSystemUInt32', ID = '1025'
Method 'SystemVoidCosmosHALBlockDeviceRegistersPortRegistersset_SERRSystemUInt32', ID = '1026'
Method 'SystemVoidCosmosHALBlockDeviceRegistersPortRegistersset_ISSystemUInt32', ID = '1027'
Method 'SystemVoidCosmosHALBlockDeviceRegistersPortRegistersset_IESystemUInt32', ID = '1028'
Method 'SystemUInt32CosmosHALBlockDeviceRegistersPortRegistersget_CLB', ID = '1029'
Method 'SystemVoidCosmosCoreMemoryBlockFillSystemByte', ID = '1030'
Method 'SystemUInt32CosmosHALBlockDeviceRegistersPortRegistersget_FB', ID = '1031'
Method 'CosmosHALBlockDeviceRegistersHBACommandHeaderarrayCosmosHALBlockDeviceAHCIGetCommandHeaderCosmosHALBlockDeviceRegistersPortRegisters', ID = '1032'
Method 'SystemBooleanCosmosHALBlockDeviceAHCIStartCMDCosmosHALBlockDeviceRegistersPortRegisters', ID = '1033'
Method 'SystemVoidCosmosHALBlockDevicePortsStoragePortctor', ID = '1035'
Method 'SystemUInt32CosmosHALBlockDeviceRegistersPortRegistersget_CMD', ID = '1036'
Method 'SystemVoidCosmosCoreMemoryGroupAHCIctorSystemUInt32', ID = '1037'
Method 'SystemVoidCosmosHALBlockDevicePortsSATASendSATA28CommandCosmosHALBlockDeviceRegistersATACommandsSystemUInt32SystemUInt32', ID = '1038'
Method 'SystemVoidCosmosCoreMemoryBlockRead16SystemUInt16array', ID = '1040'
Method 'SystemStringCosmosHALBlockDevicePortsSATAGetStringSystemUInt16arraySystemInt32SystemInt32', ID = '1041'
Method 'SystemVoidSystemCollectionsGenericList1anonymousTypeCosmosHALBlockDevicePortsStoragePortAddWithResizeCosmosHALBlockDevicePortsStoragePort', ID = '1042'
Method 'SystemStringCosmosCore_PlugsSystemStringImplFormatHelperSystemIFormatProviderSystemStringSystemObjectarray', ID = '1043'
Method 'SystemVoidCosmosSystemScanMapBasector', ID = '1047'
Method 'CosmosSystemKeyEventarraySystemArrayEmptyCosmosSystemKeyEvent', ID = '1049'
Method 'SystemVoidSystemCollectionsGenericList1anonymousTypeCosmosHALKeyboardBaseAddCosmosHALKeyboardBase', ID = '1051'
Method 'SystemCollectionsGenericIEnumerator1anonymousTypeCosmosHALKeyboardBaseSystemCollectionsGenericList1anonymousTypeCosmosHALKeyboardBaseSystemCollectionsGenericIEnumerableTGetEnumerator', ID = '1053'
Method 'SystemVoidCosmosSystemKeyboardManagerHandleScanCodeSystemByteSystemBoolean', ID = '1054'
Method 'SystemVoidCosmosCore_AsmDelegateImplCtorSystemObjectSystemIntPtr', ID = '831'
Method 'SystemVoidSystemCollectionsGenericList1anonymousTypefirstKernelCommandsCommandset_CapacitySystemInt32', ID = '1058'
Method 'SystemVoidSystemCollectionsGenericList1anonymousTypeCosmosHALPITPITTimercctor', ID = '1059'
Method 'SystemVoidCosmosHALPITPITTimerDispose', ID = '1065'
Method 'SystemVoidSystemCollectionsGenericList1anonymousTypeSystemCharcctor', ID = '1068'
Method 'SystemVoidSystemCharcctor', ID = '1073'
Method 'SystemBooleanCosmosCore_PlugsSystemRuntimeCompilerServicesRuntimeHelpersImplIsReferenceOrContainsReferencesanonymousType', ID = '1077'
Method 'SystemVoidSystemCollectionsGenericList1anonymousTypeSystemCharEnsureCapacitySystemInt32', ID = '1078'
Method 'CosmosCoreCPUCosmosCoreGlobalget_CPU', ID = '1079'
Method 'SystemVoidSystemCollectionsGenericQueue1anonymousTypeCosmosSystemKeyEventThrowForEmptyQueue', ID = '1081'
Method 'SystemVoidSystemCollectionsGenericQueue1anonymousTypeCosmosSystemKeyEventMoveNextSystemInt32', ID = '1083'
Method 'SystemBooleanSystemSRUsingResourceKeys', ID = '1085'
Method 'SystemStringSystemStringJoinSystemStringSystemObjectarray', ID = '1086'
Method 'SystemStringarraySystemStringSplitInternalSystemCharpointerSystemInt32SystemInt32SystemStringSplitOptions', ID = '1087'
Method 'SystemInt32SystemStringCompareOrdinalSystemStringSystemInt32SystemStringSystemInt32SystemInt32', ID = '1091'
Method 'SystemStringSystemStringSubstringSystemInt32', ID = '1092'
Method 'SystemVoidSystemCollectionsGenericList1anonymousTypeSystemStringset_CapacitySystemInt32', ID = '1093'
Method 'SystemVoidCosmosCore_AsmArrayImplCopySystemArraySystemInt32SystemArraySystemInt32SystemInt32SystemBoolean', ID = '1094'
Method 'SystemVoidSystemTextASCIIEncodingcctor', ID = '1095'
Method 'SystemVoidCosmosCore_PlugsSystemStringImplcctor', ID = '1097'
Method 'SystemVoidSystemBufferMemmoveSystemBytepointerSystemBytepointerSystemUInt32', ID = '1099'
Method 'SystemVoidSystemTextUTF8EncodingUTF8EncodingSealedctorSystemBoolean', ID = '1100'
Method 'SystemInt32SystemTextEncodingGetByteCountSystemCharpointerSystemInt32SystemTextEncoderNLS', ID = '1103'
Method 'SystemInt32SystemTextASCIIEncodingGetByteCountSystemChararraySystemInt32SystemInt32', ID = '1104'
Method 'SystemStringSystemSRget_ArgumentNull_Array', ID = '1105'
Method 'SystemStringSystemSRget_ArgumentOutOfRange_IndexCount', ID = '1106'
Method 'SystemStringSystemSRget_ArgumentOutOfRange_Index', ID = '1107'
Method 'SystemInt32SystemTextEncodingGetBytesSystemCharpointerSystemInt32SystemBytepointerSystemInt32SystemTextEncoderNLS', ID = '1108'
Method 'SystemInt32SystemTextASCIIEncodingGetBytesSystemChararraySystemInt32SystemInt32SystemBytearraySystemInt32', ID = '1109'
Method 'SystemVoidCosmosHALTextScreenScrollUp', ID = '1110'
Method 'SystemVoidCosmosHALTextScreenset_ItemSystemInt32SystemInt32SystemByte', ID = '1111'
Method 'SystemStringCosmosCoreCosmosRuntimeTypeget_Name', ID = '1113'
Method 'SystemVoidSystemTypector', ID = '1114'
Method 'SystemStringCosmosCommonStringHelperGetNumberStringSystemUInt64', ID = '1118'
Method 'SystemStringSystemStringCreateFromCharSystemChar', ID = '1119'
Method 'SystemStringCosmosCommonStringHelperGetNumberStringSystemInt64', ID = '1125'
Method 'SystemStringSystemSRget_Arg_NotImplementedException', ID = '1126'
Method 'SystemVoidCosmosCoreIOPortReadctorSystemUInt16', ID = '1130'
Method 'SystemVoidCosmosCoreIOPortWritectorSystemUInt16', ID = '1131'
Method 'SystemUInt16CosmosCoreIOGroupATAGetBAR0SystemBoolean', ID = '1132'
Method 'SystemUInt16CosmosCoreIOGroupATAGetBAR1SystemBoolean', ID = '1133'
Method 'SystemVoidCosmosCoreIOPortWritectorSystemUInt16SystemUInt16', ID = '1134'
Method 'SystemVoidCosmosCoreIOPortctorSystemUInt16SystemUInt16', ID = '1135'
Method 'SystemVoidCosmosCoreIOPortReadctorSystemUInt16SystemUInt16', ID = '1136'
Method 'SystemVoidCosmosCoreMemoryBlockFillSystemUInt16', ID = '1139'
Method 'SystemVoidCosmosHALTextScreenSetCursorPosSystemInt32SystemInt32', ID = '1140'
Method 'SystemVoidSystemCollectionsGenericList1anonymousTypeCosmosHALPCIDeviceEnsureCapacitySystemInt32', ID = '1141'
Method 'SystemStringSystemThrowHelperGetResourceStringSystemExceptionResource', ID = '1142'
Method 'SystemCharCosmosCommonExtensionsToHexStringDigitToHexCharSystemByte', ID = '1143'
Method 'SystemUInt64CosmosCore_PlugsSystemObjectImplMemberwiseClone', ID = '1145'
Method 'SystemByteCosmosHALPS2Mouseget_PS2Port', ID = '1148'
Method 'SystemVoidCosmosHALPS2ControllerPrepareSecondPortWrite', ID = '1149'
Method 'SystemByteCosmosHALPS2ControllerReadByteAfterAck', ID = '1150'
Method 'SystemBooleanCosmosHALPS2Mouseget_HasScrollWheel', ID = '1151'
Method 'SystemVoidCosmosCore_AsmDelegateImplInvoke', ID = '668'
Method 'SystemByteCosmosHALPS2Keyboardget_PS2Port', ID = '1154'
Method 'SystemVoidCosmosCore_AsmDelegateImplInvoke', ID = '668'
Method 'SystemVoidCosmosHALPS2KeyboardUpdateLeds', ID = '1156'
Method 'SystemVoidSystemCollectionsGenericList1EnumeratoranonymousTypeCosmosHALPCIDevicectorSystemCollectionsGenericList1anonymousTypeCosmosHALPCIDevice', ID = '1157'
Method 'SystemBooleanSystemCollectionsGenericList1EnumeratoranonymousTypeCosmosHALPCIDeviceMoveNextRare', ID = '1158'
Method 'SystemVoidSystemCollectionsGenericList1EnumeratoranonymousTypeCosmosHALPCIDeviceDispose', ID = '1159'
Method 'SystemVoidCosmosHALBlockDeviceAtaPioWait', ID = '1163'
Method 'SystemVoidCosmosHALBlockDeviceAtaPioDebugSystemString', ID = '1166'
Method 'SystemVoidCosmosHALBlockDeviceAtaPioDebugHexSystemStringSystemUInt32', ID = '1167'
Method 'SystemVoidSystemCollectionsGenericList1anonymousTypeCosmosHALBlockDeviceBlockDeviceset_CapacitySystemInt32', ID = '1171'
Method 'SystemVoidSystemThrowHelperThrowArgumentNullExceptionSystemExceptionArgument', ID = '1172'
Method 'SystemVoidSystemThrowHelperThrowArgumentExceptionSystemExceptionResourceSystemExceptionArgument', ID = '1173'
Method 'SystemInt64SystemRuntimeCompilerServicesUnsafeReadUnalignedSystemInt64SystemByte', ID = '1174'
Method 'SystemInt32SystemRuntimeCompilerServicesUnsafeReadUnalignedSystemInt32SystemByte', ID = '1175'
Method 'SystemStringSystemSRget_Arg_GuidArrayCtor', ID = '1176'
Method 'SystemVoidSystemGuidcctor', ID = '1177'
Method 'SystemStringSystemGuidToString', ID = '1178'
Method 'SystemBooleanSystemGuidop_EqualitySystemGuidSystemGuid', ID = '1181'
Method 'SystemVoidSystemCollectionsGenericList1anonymousTypeCosmosHALBlockDeviceGPTGPartInfoAddWithResizeCosmosHALBlockDeviceGPTGPartInfo', ID = '1182'
Method 'SystemStringSystemThrowHelperGetArgumentNameSystemExceptionArgument', ID = '1183'
Method 'SystemVoidCosmosCoreIOPortWriteset_WordSystemUInt16', ID = '1184'
Method 'SystemVoidSystemCollectionsGenericList1anonymousTypeCosmosHALBlockDeviceMBRPartInfoAddWithResizeCosmosHALBlockDeviceMBRPartInfo', ID = '1185'
Method 'SystemVoidSystemCollectionsGenericList1anonymousTypeCosmosHALBlockDeviceEBRPartInfoAddWithResizeCosmosHALBlockDeviceEBRPartInfo', ID = '1187'
Method 'SystemVoidCosmosHALBlockDeviceRegistersPortRegistersset_CMDSystemUInt32', ID = '1189'
Method 'SystemVoidCosmosHALBlockDeviceAHCIWaitSystemInt32', ID = '1190'
Method 'SystemUInt32CosmosHALBlockDeviceRegistersPortRegistersget_CI', ID = '1191'
Method 'SystemUInt32CosmosHALBlockDeviceRegistersPortRegistersget_TFD', ID = '1192'
Method 'SystemVoidCosmosHALBlockDeviceAHCIHBAReset', ID = '1193'
Method 'SystemVoidCosmosHALBlockDeviceRegistersPortRegistersset_SCTLSystemUInt32', ID = '1194'
Method 'SystemUInt32CosmosHALBlockDeviceRegistersPortRegistersget_SCTL', ID = '1195'
Method 'SystemVoidCosmosCoreMemoryBlockFillSystemUInt32SystemUInt32SystemByte', ID = '1196'
Method 'SystemVoidCosmosHALBlockDeviceRegistersHBACommandHeaderctorSystemUInt32SystemUInt32', ID = '1199'
Method 'SystemVoidCosmosHALBlockDeviceRegistersHBACommandHeaderset_PRDTLSystemUInt16', ID = '1200'
Method 'SystemVoidCosmosHALBlockDeviceRegistersHBACommandHeaderset_CTBASystemUInt32', ID = '1201'
Method 'SystemVoidCosmosHALBlockDeviceRegistersHBACommandHeaderset_CTBAUSystemUInt32', ID = '1202'
Method 'SystemUInt32CosmosHALBlockDeviceRegistersHBACommandHeaderget_CTBA', ID = '1203'
Method 'SystemVoidCosmosHALBlockDevicePortsSATAcctor', ID = '1204'
Method 'SystemVoidCosmosHALBlockDevicePortsSATAReadBlockSystemUInt64SystemUInt64SystemBytearray', ID = '1205'
Method 'CosmosHALBlockDeviceRegistersPortTypeCosmosHALBlockDevicePortsSATAget_mPortType', ID = '1206'
Method 'SystemStringCosmosHALBlockDevicePortsSATAget_mPortName', ID = '1207'
Method 'SystemUInt32CosmosHALBlockDevicePortsSATAget_mPortNumber', ID = '1208'
Method 'SystemInt32CosmosHALBlockDevicePortsSATAFindCMDSlot', ID = '1210'
Method 'SystemVoidCosmosHALBlockDeviceRegistersHBACommandHeaderset_CFLSystemByte', ID = '1211'
Method 'SystemVoidCosmosHALBlockDeviceRegistersHBACommandHeaderset_WriteSystemByte', ID = '1212'
Method 'SystemUInt16CosmosHALBlockDeviceRegistersHBACommandHeaderget_PRDTL', ID = '1213'
Method 'SystemVoidCosmosHALBlockDeviceRegistersHBACommandTablectorSystemUInt32SystemUInt32', ID = '1214'
Method 'SystemVoidCosmosHALBlockDeviceRegistersHBAPRDTEntryset_DBASystemUInt32', ID = '1216'
Method 'SystemVoidCosmosHALBlockDeviceRegistersHBAPRDTEntryset_DBCSystemUInt32', ID = '1217'
Method 'SystemVoidCosmosHALBlockDeviceRegistersHBAPRDTEntryset_InterruptOnCompletionSystemByte', ID = '1218'
Method 'SystemUInt32CosmosHALBlockDeviceRegistersHBACommandTableget_CFIS', ID = '1219'
Method 'SystemVoidCosmosHALBlockDeviceRegistersFISRegisterH2DctorSystemUInt32', ID = '1220'
Method 'SystemVoidCosmosHALBlockDeviceRegistersFISRegisterH2Dset_FISTypeSystemByte', ID = '1221'
Method 'SystemVoidCosmosHALBlockDeviceRegistersFISRegisterH2Dset_IsCommandSystemByte', ID = '1222'
Method 'SystemVoidCosmosHALBlockDeviceRegistersFISRegisterH2Dset_CommandSystemByte', ID = '1223'
Method 'SystemVoidCosmosHALBlockDeviceRegistersFISRegisterH2Dset_DeviceSystemByte', ID = '1224'
Method 'SystemVoidCosmosHALBlockDeviceRegistersFISRegisterH2Dset_LBA0SystemByte', ID = '1225'
Method 'SystemVoidCosmosHALBlockDeviceRegistersFISRegisterH2Dset_LBA1SystemByte', ID = '1226'
Method 'SystemVoidCosmosHALBlockDeviceRegistersFISRegisterH2Dset_LBA2SystemByte', ID = '1227'
Method 'SystemVoidCosmosHALBlockDeviceRegistersFISRegisterH2Dset_CountLSystemByte', ID = '1228'
Method 'SystemVoidCosmosHALBlockDeviceRegistersPortRegistersset_CISystemUInt32', ID = '1230'
Method 'SystemUInt32CosmosHALBlockDeviceRegistersPortRegistersget_IS', ID = '1231'
Method 'SystemVoidSystemCollectionsGenericList1anonymousTypeCosmosHALBlockDevicePortsStoragePortEnsureCapacitySystemInt32', ID = '1232'
Method 'SystemVoidSystemFormatExceptionctorSystemString', ID = '1234'
Method 'SystemInt32CosmosCommonStringHelperGetStringToNumberSystemString', ID = '1235'
Method 'SystemBooleanSystemCharIsDigitSystemChar', ID = '1236'
Method 'SystemVoidSystemCollectionsGenericList1anonymousTypeCosmosHALKeyboardBasecctor', ID = '1237'
Method 'SystemVoidSystemCollectionsGenericList1anonymousTypeCosmosHALKeyboardBaseAddWithResizeCosmosHALKeyboardBase', ID = '1249'
Method 'SystemVoidSystemCollectionsGenericList1EnumeratoranonymousTypeCosmosHALKeyboardBasectorSystemCollectionsGenericList1anonymousTypeCosmosHALKeyboardBase', ID = '1250'
Method 'SystemBooleanCosmosSystemScanMapBaseScanCodeMatchesKeySystemByteCosmosSystemConsoleKeyEx', ID = '1252'
Method 'SystemBooleanCosmosSystemKeyboardManagerget_CapsLock', ID = '1253'
Method 'SystemVoidCosmosSystemKeyboardManagerUpdateLeds', ID = '1254'
Method 'SystemBooleanCosmosSystemKeyboardManagerget_NumLock', ID = '1255'
Method 'SystemBooleanCosmosSystemKeyboardManagerget_ScrollLock', ID = '1256'
Method 'SystemVoidCosmosSystemKeyboardManagerset_ControlPressedSystemBoolean', ID = '1257'
Method 'SystemVoidCosmosSystemKeyboardManagerset_ShiftPressedSystemBoolean', ID = '1258'
Method 'SystemVoidCosmosSystemKeyboardManagerset_AltPressedSystemBoolean', ID = '1259'
Method 'SystemBooleanCosmosSystemKeyboardManagerget_ControlPressed', ID = '1260'
Method 'SystemBooleanCosmosSystemKeyboardManagerget_AltPressed', ID = '1261'
Method 'SystemVoidCosmosSystemPowerReboot', ID = '1262'
Method 'SystemBooleanCosmosSystemKeyboardManagerGetKeySystemByteCosmosSystemKeyEvent', ID = '1263'
Method 'SystemVoidCosmosSystemKeyboardManagerEnqueueCosmosSystemKeyEvent', ID = '1264'
Method 'SystemByteCosmosHALTextScreenGetColor', ID = '1266'
Method 'SystemVoidCosmosHALPITUnregisterTimerSystemInt32', ID = '1267'
Method 'SystemVoidCosmosCore_AsmRuntimeHelpersImplInitializeArraySystemArraySystemRuntimeFieldHandle', ID = '1270'
Method 'SystemVoidSystemCollectionsGenericList1anonymousTypeSystemCharset_CapacitySystemInt32', ID = '1273'
Method 'SystemVoidCosmosCore_AsmCPUImplHalt', ID = '1274'
Method 'SystemStringSystemSRget_InvalidOperation_EmptyQueue', ID = '1275'
Method 'SystemStringSystemStringJoinCoreSystemCharpointerSystemInt32SystemObjectarray', ID = '1276'
Method 'SystemInt32SystemStringMakeSeparatorListSystemCharpointerSystemInt32SystemInt32array', ID = '1277'
Method 'SystemVoidSystemArrayEmptyArray1anonymousTypeSystemStringcctor', ID = '1278'
Method 'SystemInt32SystemMathMinSystemInt32SystemInt32', ID = '1284'
Method 'SystemVoidSystemTextASCIIEncodingASCIIEncodingSealedctor', ID = '1287'
Method 'SystemVoidSystemBuffer_MemmoveSystemBytepointerSystemBytepointerSystemUInt32', ID = '1291'
Method 'SystemVoidSystemTextUTF8EncodingctorSystemBoolean', ID = '1293'
Method 'SystemInt32CosmosSystem_PlugsSystemRuntimeRuntimeHelpersImplget_OffsetToStringData', ID = '1294'
Method 'SystemInt32SystemTextASCIIEncodingGetByteCountSystemCharpointerSystemInt32SystemTextEncoderNLS', ID = '1296'
Method 'SystemInt32SystemTextUTF8EncodingGetByteCountSystemCharpointerSystemInt32SystemTextEncoderNLS', ID = '1297'
Method 'SystemInt32SystemTextEncodingGetByteCountSystemCharpointerSystemInt32', ID = '1298'
Method 'SystemStringSystemSRget_ArgumentOutOfRange_IndexCountBuffer', ID = '1299'
Method 'SystemInt32SystemTextASCIIEncodingGetBytesSystemCharpointerSystemInt32SystemBytepointerSystemInt32SystemTextEncoderNLS', ID = '1300'
Method 'SystemInt32SystemTextUTF8EncodingGetBytesSystemCharpointerSystemInt32SystemBytepointerSystemInt32SystemTextEncoderNLS', ID = '1301'
Method 'SystemInt32SystemTextEncodingGetBytesSystemCharpointerSystemInt32SystemBytepointerSystemInt32', ID = '1302'
Method 'SystemVoidCosmosCoreMemoryBlockMoveDownSystemUInt32SystemUInt32SystemUInt32', ID = '1303'
Method 'SystemVoidCosmosCoreMemoryBlockFillSystemUInt32SystemUInt32SystemUInt16', ID = '1304'
Method 'SystemVoidCosmosCoreMemoryBlock08set_ItemSystemUInt32SystemByte', ID = '1305'
Method 'SystemVoidCosmosCore_PlugsSystemTypeImplcctor', ID = '1306'
Method 'SystemVoidSystemReflectionMemberInfoctor', ID = '1307'
Method 'SystemGlobalizationCultureInfoCosmosCore_PlugsSystemGlobalizationCultureInfoImplget_CurrentCulture', ID = '1309'
Method 'SystemStringCosmosCore_PlugsSystemStringImplToLowerSystemGlobalizationCultureInfo', ID = '1310'
Method 'SystemInt32CosmosCore_PlugsSystemStringImplCompareToSystemString', ID = '1311'
Method 'SystemVoidCosmosCoreIOPortBasectorSystemUInt16SystemUInt16', ID = '1312'
Method 'SystemVoidSystemCollectionsGenericList1anonymousTypeCosmosHALPCIDeviceset_CapacitySystemInt32', ID = '1313'
Method 'SystemStringSystemSRGetResourceStringSystemString', ID = '1314'
Method 'SystemUInt16CosmosCore_AsmIOPortImplRead16SystemUInt16', ID = '1321'
Method 'SystemArgumentNullExceptionSystemThrowHelperGetArgumentNullExceptionSystemExceptionArgument', ID = '1322'
Method 'SystemArgumentExceptionSystemThrowHelperGetArgumentExceptionSystemExceptionResourceSystemExceptionArgument', ID = '1323'
Method 'SystemStringSystemGuidToStringSystemStringSystemIFormatProvider', ID = '1325'
Method 'SystemVoidSystemCollectionsGenericList1anonymousTypeCosmosHALBlockDeviceGPTGPartInfoEnsureCapacitySystemInt32', ID = '1326'
Method 'SystemVoidSystemCollectionsGenericList1anonymousTypeCosmosHALBlockDeviceMBRPartInfoEnsureCapacitySystemInt32', ID = '1327'
Method 'SystemVoidSystemCollectionsGenericList1anonymousTypeCosmosHALBlockDeviceEBRPartInfoEnsureCapacitySystemInt32', ID = '1328'
Method 'SystemVoidCosmosCore_AsmIOPortImplWrite16SystemUInt16SystemUInt16', ID = '1329'
Method 'SystemVoidCosmosCoreMemoryOperationsFillSystemBytepointerSystemByteSystemInt32', ID = '1330'
Method 'SystemVoidCosmosCoreMemoryBlock16set_ItemSystemUInt32SystemUInt16', ID = '1336'
Method 'SystemVoidCosmosHALBlockDevicePortsSATASendSATA48CommandCosmosHALBlockDeviceRegistersATACommandsSystemUInt64SystemUInt32', ID = '1337'
Method 'SystemVoidCosmosCoreMemoryBlockRead8SystemBytearray', ID = '1338'
Method 'SystemUInt32CosmosHALBlockDeviceRegistersPortRegistersget_SACT', ID = '1339'
Method 'SystemByteCosmosCoreMemoryBlock08get_ItemSystemUInt32', ID = '1340'
Method 'SystemUInt16CosmosCoreMemoryBlock16get_ItemSystemUInt32', ID = '1341'
Method 'SystemVoidCosmosHALBlockDeviceRegistersHBAPRDTEntryctorSystemUInt32SystemUInt32', ID = '1343'
Method 'SystemBooleanSystemStringIsNullOrWhiteSpaceSystemString', ID = '1346'
Method 'SystemBooleanSystemCharIsLatin1SystemChar', ID = '1347'
Method 'SystemGlobalizationUnicodeCategorySystemGlobalizationCharUnicodeInfoGetUnicodeCategorySystemChar', ID = '1348'
Method 'SystemVoidCosmosSystemScanMapsUS_StandardInitKeys', ID = '1349'
Method 'SystemVoidSystemArrayEmptyArray1anonymousTypeCosmosSystemKeyEventcctor', ID = '1353'
Method 'SystemVoidSystemCollectionsGenericList1anonymousTypeCosmosHALKeyboardBaseEnsureCapacitySystemInt32', ID = '1354'
Method 'SystemVoidSystemCollectionsGenericList1EnumeratoranonymousTypeCosmosHALKeyboardBaseDispose', ID = '1355'
Method 'CosmosHALKeyboardBaseSystemCollectionsGenericList1EnumeratoranonymousTypeCosmosHALKeyboardBaseget_Current', ID = '1356'
Method 'SystemBooleanSystemCollectionsGenericList1EnumeratoranonymousTypeCosmosHALKeyboardBaseMoveNext', ID = '1357'
Method 'CosmosSystemKeyMappingSystemCollectionsGenericList1anonymousTypeCosmosSystemKeyMappingget_ItemSystemInt32', ID = '1358'
Method 'SystemInt32SystemCollectionsGenericList1anonymousTypeCosmosSystemKeyMappingget_Count', ID = '1360'
Method 'SystemCollectionsGenericList1EnumeratoranonymousTypeCosmosHALKeyboardBaseSystemCollectionsGenericList1anonymousTypeCosmosHALKeyboardBaseGetEnumerator', ID = '1361'
Method 'SystemVoidCosmosHALPowerCPUReboot', ID = '1366'
Method 'SystemBooleanCosmosSystemKeyboardManagerget_ShiftPressed', ID = '1368'
Method 'CosmosSystemKeyEventCosmosSystemScanMapBaseConvertScanCodeSystemByteSystemBooleanSystemBooleanSystemBooleanSystemBooleanSystemBooleanSystemBoolean', ID = '1369'
Method 'SystemVoidSystemCollectionsGenericQueue1anonymousTypeCosmosSystemKeyEventEnqueueCosmosSystemKeyEvent', ID = '1370'
Method 'SystemTextStringBuilderSystemTextStringBuilderCacheAcquireSystemInt32', ID = '1373'
Method 'SystemTextStringBuilderSystemTextStringBuilderAppendSystemString', ID = '1374'
Method 'SystemTextStringBuilderSystemTextStringBuilderAppendSystemCharpointerSystemInt32', ID = '1375'
Method 'SystemStringSystemTextStringBuilderCacheGetStringAndReleaseSystemTextStringBuilder', ID = '1376'
Method 'SystemBooleanSystemCharIsWhiteSpaceSystemChar', ID = '1377'
Method 'SystemInt32CosmosCore_PlugsSystemStringImplCompareOrdinalHelperSystemStringSystemInt32SystemInt32SystemStringSystemInt32SystemInt32', ID = '1379'
Method 'SystemVoidSystemTextASCIIEncodingctor', ID = '1381'
Method 'SystemInt32SystemTextUTF8EncodingGetByteCountSystemString', ID = '1384'
Method 'SystemInt32SystemTextUTF8EncodingGetBytesSystemStringSystemInt32SystemInt32SystemBytearraySystemInt32', ID = '1385'
Method 'SystemInt32SystemTextUTF8EncodingGetByteCountSystemChararraySystemInt32SystemInt32', ID = '1386'
Method 'SystemInt32SystemTextUTF8EncodingGetBytesSystemChararraySystemInt32SystemInt32SystemBytearraySystemInt32', ID = '1387'
Method 'SystemVoidSystemTextUTF8EncodingctorSystemBooleanSystemBoolean', ID = '1388'
Method 'SystemTextEncoderFallbackSystemTextEncoderget_Fallback', ID = '1391'
Method 'SystemBooleanSystemTextEncoderget_InternalHasFallbackBuffer', ID = '1393'
Method 'SystemTextEncoderFallbackBufferSystemTextEncoderget_FallbackBuffer', ID = '1394'
Method 'SystemStringSystemSRget_Argument_EncoderFallbackNotEmpty', ID = '1396'
Method 'SystemStringSystemTextEncodingget_EncodingName', ID = '1397'
Method 'SystemStringSystemSRFormatSystemStringSystemObjectSystemObject', ID = '1398'
Method 'SystemVoidSystemTextEncoderFallbackBufferInternalInitializeSystemCharpointerSystemCharpointerSystemTextEncoderNLSSystemBoolean', ID = '1399'
Method 'SystemTextEncoderFallbackSystemTextEncodingget_EncoderFallback', ID = '1400'
Method 'SystemBooleanSystemTextEncoderFallbackBufferInternalFallbackSystemCharSystemCharpointer', ID = '1402'
Method 'SystemCharSystemTextEncoderFallbackBufferInternalGetNextChar', ID = '1404'
Method 'SystemBooleanSystemTextUTF8EncodingInRangeSystemInt32SystemInt32SystemInt32', ID = '1407'
Method 'SystemBooleanSystemTextEncoderNLSget_MustFlush', ID = '1408'
Method 'SystemInt32SystemTextUTF8EncodingPtrDiffSystemCharpointerSystemCharpointer', ID = '1409'
Method 'SystemInt32SystemTextASCIIEncodingGetByteCountSystemCharpointerSystemInt32', ID = '1410'
Method 'SystemInt32SystemTextUTF8EncodingGetByteCountSystemCharpointerSystemInt32', ID = '1411'
Method 'SystemStringSystemTextEncoderReplacementFallbackget_DefaultString', ID = '1412'
Method 'SystemVoidSystemTextEncodingThrowBytesOverflowSystemTextEncoderNLSSystemBoolean', ID = '1413'
Method 'SystemInt32SystemTextUTF8EncodingPtrDiffSystemBytepointerSystemBytepointer', ID = '1415'
Method 'SystemInt32SystemTextASCIIEncodingGetBytesSystemCharpointerSystemInt32SystemBytepointerSystemInt32', ID = '1416'
Method 'SystemInt32SystemTextUTF8EncodingGetBytesSystemCharpointerSystemInt32SystemBytepointerSystemInt32', ID = '1417'
Method 'SystemVoidCosmosCoreMemoryOperationsFillSystemUInt16pointerSystemUInt16SystemInt32', ID = '1419'
Method 'SystemStringSystemGlobalizationCultureInfoToString', ID = '1422'
Method 'SystemStringCosmosCore_PlugsSystemStringImplChangeCasingSystemStringSystemInt32SystemInt32SystemInt32', ID = '1424'
Method 'SystemStringSystemSRget_Format_InvalidGuidFormatSpecification', ID = '1425'
Method 'SystemInt32SystemGuidHexsToCharsSystemCharpointerSystemInt32SystemInt32', ID = '1426'
Method 'SystemInt32SystemGuidHexsToCharsHexOutputSystemCharpointerSystemInt32SystemInt32', ID = '1427'
Method 'SystemVoidSystemCollectionsGenericList1anonymousTypeCosmosHALBlockDeviceGPTGPartInfoset_CapacitySystemInt32', ID = '1428'
Method 'SystemVoidSystemCollectionsGenericList1anonymousTypeCosmosHALBlockDeviceMBRPartInfoset_CapacitySystemInt32', ID = '1429'
Method 'SystemVoidSystemCollectionsGenericList1anonymousTypeCosmosHALBlockDeviceEBRPartInfoset_CapacitySystemInt32', ID = '1430'
Method 'SystemVoidCosmosHALBlockDeviceRegistersFISRegisterH2Dset_LBA3SystemByte', ID = '1433'
Method 'SystemVoidCosmosHALBlockDeviceRegistersFISRegisterH2Dset_LBA4SystemByte', ID = '1434'
Method 'SystemVoidCosmosHALBlockDeviceRegistersFISRegisterH2Dset_LBA5SystemByte', ID = '1435'
Method 'SystemVoidCosmosHALBlockDeviceRegistersFISRegisterH2Dset_CountHSystemByte', ID = '1436'
Method 'SystemVoidSystemCollectionsGenericList1anonymousTypeCosmosSystemKeyMappingctorSystemInt32', ID = '1440'
Method 'SystemVoidCosmosSystemKeyMappingctorSystemByteCosmosSystemConsoleKeyEx', ID = '1441'
Method 'SystemVoidSystemCollectionsGenericList1anonymousTypeCosmosSystemKeyMappingAddCosmosSystemKeyMapping', ID = '1442'
Method 'SystemVoidCosmosSystemKeyMappingctorSystemByteSystemCharSystemCharSystemCharSystemCharSystemCharSystemCharCosmosSystemConsoleKeyEx', ID = '1443'
Method 'SystemVoidCosmosSystemKeyMappingctorSystemByteSystemCharCosmosSystemConsoleKeyEx', ID = '1444'
Method 'SystemVoidCosmosSystemKeyMappingctorSystemByteSystemCharSystemCharSystemCharSystemCharSystemCharSystemCharCosmosSystemConsoleKeyExCosmosSystemConsoleKeyEx', ID = '1445'
Method 'SystemVoidSystemCollectionsGenericList1anonymousTypeCosmosHALKeyboardBaseset_CapacitySystemInt32', ID = '1446'
Method 'SystemBooleanSystemCollectionsGenericList1EnumeratoranonymousTypeCosmosHALKeyboardBaseMoveNextRare', ID = '1447'
Method 'SystemVoidCosmosCoreCPUReboot', ID = '1450'
Method 'SystemVoidCosmosSystemKeyEventctor', ID = '1451'
Method 'SystemConsoleModifiersCosmosSystemKeyEventget_Modifiers', ID = '1452'
Method 'SystemVoidCosmosSystemKeyEventset_ModifiersSystemConsoleModifiers', ID = '1453'
Method 'SystemVoidCosmosSystemKeyEventset_TypeCosmosSystemKeyEventKeyEventType', ID = '1454'
Method 'SystemVoidCosmosSystemKeyEventset_KeyCharSystemChar', ID = '1455'
Method 'SystemVoidCosmosSystemKeyEventset_KeyCosmosSystemConsoleKeyEx', ID = '1456'
Method 'SystemVoidSystemCollectionsGenericQueue1anonymousTypeCosmosSystemKeyEventSetCapacitySystemInt32', ID = '1457'
Method 'SystemInt32SystemTextStringBuilderget_Capacity', ID = '1462'
Method 'SystemTextStringBuilderSystemTextStringBuilderClear', ID = '1463'
Method 'SystemVoidSystemTextStringBuilderctorSystemInt32', ID = '1464'
Method 'SystemVoidSystemTextStringBuilderAppendHelperSystemString', ID = '1465'
Method 'SystemInt32SystemTextStringBuilderget_Length', ID = '1466'
Method 'SystemStringSystemSRget_ArgumentOutOfRange_LengthGreaterThanCapacity', ID = '1467'
Method 'SystemVoidSystemTextStringBuilderThreadSafeCopySystemCharpointerSystemChararraySystemInt32SystemInt32', ID = '1468'
Method 'SystemVoidSystemTextStringBuilderExpandByABlockSystemInt32', ID = '1469'
Method 'SystemVoidSystemTextStringBuilderCacheReleaseSystemTextStringBuilder', ID = '1470'
Method 'SystemBooleanSystemCharIsWhiteSpaceLatin1SystemChar', ID = '1471'
Method 'SystemBooleanSystemGlobalizationCharUnicodeInfoIsWhiteSpaceSystemChar', ID = '1472'
Method 'SystemVoidSystemMathcctor', ID = '1473'
Method 'SystemVoidSystemTextEncodingctorSystemInt32', ID = '1474'
Method 'SystemVoidCosmosCore_PlugsSystemBufferImpl__MemmoveSystemBytepointerSystemBytepointerSystemUInt32', ID = '1475'
Method 'SystemVoidSystemTextUTF8Encodingcctor', ID = '1476'
Method 'SystemVoidSystemTextEncodingSetDefaultFallbacks', ID = '1477'
Method 'SystemTextEncoderFallbackSystemTextEncoderFallbackget_ReplacementFallback', ID = '1479'
Method 'SystemInt32SystemTextEncoderReplacementFallbackget_MaxCharCount', ID = '1480'
Method 'SystemBooleanSystemCharIsHighSurrogateSystemChar', ID = '1482'
Method 'SystemBooleanSystemCharIsLowSurrogateSystemChar', ID = '1483'
Method 'SystemInt32SystemCharConvertToUtf32SystemCharSystemChar', ID = '1484'
Method 'SystemVoidSystemTextEncoderFallbackBufferThrowLastCharRecursiveSystemInt32', ID = '1485'
Method 'SystemTextEncoderFallbackBufferSystemTextEncoderReplacementFallbackCreateFallbackBuffer', ID = '1488'
Method 'SystemTextEncoderFallbackBufferCosmosCore_PlugsSystemTextEncoderFallbackImplCreateFallbackBuffer', ID = '1489'
Method 'SystemVoidSystemTextEncoderFallbackBufferInternalReset', ID = '1491'
Method 'SystemVoidSystemTextEncodingThrowBytesOverflow', ID = '1492'
Method 'SystemVoidSystemTextEncoderNLSClearMustFlush', ID = '1493'
Method 'SystemVoidCosmosCore_PlugsMemoryOperationsMemoryOperationsImplCopySystemBytepointerSystemBytepointerSystemInt32', ID = '1494'
Method 'SystemVoidCosmosCore_PlugsSystemGlobalizationCultureInfoImplCCtor', ID = '1496'
Method 'SystemCharSystemGuidHexToCharSystemInt32', ID = '1497'
Method 'SystemVoidCosmosCore_PlugsMemoryOperationsMemoryOperationsImplFillSystemBytepointerSystemInt32SystemInt32', ID = '1498'
Method 'SystemByteCosmosCore_PlugsSystemGlobalizationCharUnicodeInfoImplInternalGetUnicodeCategorySystemInt32', ID = '1500'
Method 'SystemVoidSystemCollectionsGenericList1anonymousTypeCosmosSystemKeyMappingAddWithResizeCosmosSystemKeyMapping', ID = '1502'
Method 'SystemVoidCosmosSystemKeyMappingctorSystemByteSystemCharSystemCharSystemCharSystemCharSystemCharSystemCharSystemCharSystemCharSystemCharSystemCharCosmosSystemConsoleKeyEx', ID = '1503'
Method 'SystemVoidCosmosSystemKeyMappingctorSystemByteSystemCharSystemCharSystemCharSystemCharSystemCharSystemCharSystemCharCosmosSystemConsoleKeyExCosmosSystemConsoleKeyEx', ID = '1504'
Method 'SystemVoidSystemCollectionsGenericList1anonymousTypeCosmosSystemKeyMappingcctor', ID = '1505'
Method 'SystemStringSystemTextStringBuilderToString', ID = '1513'
Method 'SystemVoidSystemTextStringBuilderset_LengthSystemInt32', ID = '1514'
Method 'SystemVoidSystemTextStringBuilderctorSystemInt32SystemInt32', ID = '1515'
Method 'SystemStringSystemSRget_ArgumentOutOfRange_SmallCapacity', ID = '1516'
Method 'SystemInt32SystemMathMaxSystemInt32SystemInt32', ID = '1517'
Method 'SystemVoidSystemTextStringBuilderctorSystemTextStringBuilder', ID = '1518'
Method 'SystemVoidSystemTextASCIIEncodingSetDefaultFallbacks', ID = '1524'
Method 'SystemVoidSystemTextUTF8EncodingSetDefaultFallbacks', ID = '1525'
Method 'SystemVoidSystemTextInternalEncoderBestFitFallbackctorSystemTextEncoding', ID = '1526'
Method 'SystemVoidSystemTextInternalDecoderBestFitFallbackctorSystemTextEncoding', ID = '1527'
Method 'SystemVoidSystemThreadingMonitorEnterSystemObjectSystemBoolean', ID = '1530'
Method 'SystemVoidSystemTextEncoderReplacementFallbackctor', ID = '1531'
Method 'SystemStringSystemSRget_ArgumentOutOfRange_InvalidHighSurrogate', ID = '1533'
Method 'SystemStringSystemSRget_ArgumentOutOfRange_InvalidLowSurrogate', ID = '1534'
Method 'SystemStringSystemSRget_Argument_RecursiveFallback', ID = '1535'
Method 'SystemVoidSystemTextEncoderReplacementFallbackBufferctorSystemTextEncoderReplacementFallback', ID = '1536'
Method 'SystemVoidSystemTextEncoderFallbackBufferReset', ID = '1538'
Method 'SystemStringSystemSRget_Argument_EncodingConversionOverflowBytes', ID = '1539'
Method 'SystemVoidCosmosCore_PlugsMemoryOperationsMemoryOperationsImplCopyTinySystemBytepointerSystemBytepointerSystemInt32', ID = '1541'
Method 'SystemInt32SystemMathDivRemSystemInt32SystemInt32SystemInt32', ID = '1542'
Method 'SystemVoidCosmosCore_PlugsMemoryOperationsMemoryOperationsImplCopy128BlocksSystemBytepointerSystemBytepointerSystemInt32', ID = '1543'
Method 'SystemVoidCosmosCore_PlugsMemoryOperationsMemoryOperationsImplFill16BlocksSystemBytepointerSystemInt32SystemInt32', ID = '1544'
Method 'SystemVoidCosmosCore_PlugsSystemCharUnicodeInfoImplCctor', ID = '1545'
Method 'SystemVoidSystemCollectionsGenericList1anonymousTypeCosmosSystemKeyMappingEnsureCapacitySystemInt32', ID = '1547'
Method 'SystemVoidCosmosSystemKeyMappingctorSystemByteSystemCharSystemCharSystemCharSystemCharSystemCharSystemCharSystemCharSystemCharSystemCharSystemCharCosmosSystemConsoleKeyExCosmosSystemConsoleKeyEx', ID = '1548'
Method 'SystemInt32SystemTextStringBuilderget_MaxCapacity', ID = '1549'
Method 'SystemTextStringBuilderSystemTextStringBuilderAppendSystemCharSystemInt32', ID = '1550'
Method 'SystemTextStringBuilderSystemTextStringBuilderFindChunkForIndexSystemInt32', ID = '1551'
Method 'SystemStringSystemSRget_ArgumentOutOfRange_Capacity', ID = '1552'
Method 'SystemStringSystemSRget_ArgumentOutOfRange_SmallMaxCapacity', ID = '1553'
Method 'SystemStringSystemSRget_ArgumentOutOfRange_MustBePositive', ID = '1554'
Method 'SystemTextDecoderFallbackSystemTextDecoderFallbackget_ReplacementFallback', ID = '1555'
Method 'SystemTextEncoderFallbackSystemTextEncoderFallbackget_ExceptionFallback', ID = '1556'
Method 'SystemTextDecoderFallbackSystemTextDecoderFallbackget_ExceptionFallback', ID = '1557'
Method 'SystemVoidSystemTextEncoderReplacementFallbackctorSystemString', ID = '1558'
Method 'SystemVoidSystemTextDecoderReplacementFallbackctorSystemString', ID = '1559'
Method 'SystemVoidSystemTextEncoderFallbackctor', ID = '1561'
Method 'SystemVoidSystemTextDecoderFallbackctor', ID = '1563'
Method 'SystemObjectCosmosCore_PlugsSystemTextEncoderFallbackImplget_InternalSyncObject', ID = '1565'
Method 'SystemVoidSystemThreadingMonitorThrowLockTakenException', ID = '1568'
Method 'SystemVoidCosmosCore_PlugsSystemThreadingMonitorImplExitSystemObject', ID = '1570'
Method 'SystemVoidSystemTextEncoderFallbackBufferctor', ID = '1572'
Method 'SystemVoidSystemTextEncoderReplacementFallbackBufferReset', ID = '1573'
Method 'SystemVoidCosmosCore_PlugsMemoryOperationsMemoryOperationsImplCopy64BytesSystemBytepointerSystemBytepointer', ID = '1574'
Method 'SystemVoidCosmosCore_PlugsMemoryOperationsMemoryOperationsImplCopy16BytesSystemBytepointerSystemBytepointer', ID = '1575'
Method 'SystemVoidCosmosCore_PlugsMemoryOperationsMemoryOperationsImplCopy32BytesSystemBytepointerSystemBytepointer', ID = '1576'
Method 'SystemVoidCosmosCore_PlugsMemoryOperationsMemoryOperationsImplCopy128BytesSystemBytepointerSystemBytepointer', ID = '1577'
Method 'SystemVoidSystemCollectionsGenericList1anonymousTypeCosmosSystemKeyMappingset_CapacitySystemInt32', ID = '1579'
Method 'SystemVoidSystemTextDecoderReplacementFallbackctor', ID = '1582'
Method 'SystemVoidSystemTextEncoderExceptionFallbackctor', ID = '1584'
Method 'SystemVoidSystemTextDecoderExceptionFallbackctor', ID = '1586'
Method 'SystemBooleanSystemCharIsSurrogateSystemStringSystemInt32', ID = '1587'
Method 'SystemBooleanSystemCharIsHighSurrogateSystemStringSystemInt32', ID = '1588'
Method 'SystemStringSystemSRget_Argument_InvalidCharSequenceNoIndex', ID = '1589'
Method 'SystemInt32SystemTextInternalEncoderBestFitFallbackget_MaxCharCount', ID = '1591'
Method 'SystemStringSystemSRget_Argument_MustBeFalse', ID = '1593'
Method 'SystemVoidCosmosCore_PlugsSystemThreadingMonitorImplReliableEnterSystemObjectSystemBoolean', ID = '1594'
Method 'SystemInt32SystemTextEncoderReplacementFallbackBufferget_Remaining', ID = '1596'
Method 'SystemBooleanSystemTextEncoderReplacementFallbackBufferMovePrevious', ID = '1597'
Method 'SystemBooleanSystemTextEncoderReplacementFallbackBufferFallbackSystemCharSystemCharSystemInt32', ID = '1598'
Method 'SystemBooleanSystemTextEncoderReplacementFallbackBufferFallbackSystemCharSystemInt32', ID = '1599'
Method 'SystemCharSystemTextEncoderReplacementFallbackBufferGetNextChar', ID = '1600'
Method 'SystemObjectCosmosCore_PlugsSystemTextDecoderFallbackImplget_InternalSyncObject', ID = '1601'
Method 'SystemBooleanSystemCharIsSurrogateSystemChar', ID = '1604'
Method 'SystemTextEncoderFallbackBufferCosmosCore_PlugsSystemTextInternalEncoderBestFitFallbackImplCreateFallbackBuffer', ID = '1605'
Method 'SystemStringSystemSRget_ArgumentOutOfRange_Range', ID = '1606'
Method 'SystemInt32SystemTextEncoderExceptionFallbackget_MaxCharCount', ID = '1608'
Method 'SystemTextEncoderFallbackBufferSystemTextEncoderExceptionFallbackCreateFallbackBuffer', ID = '1609'
Method 'SystemVoidSystemTextEncoderExceptionFallbackBufferctor', ID = '1611'
Method 'SystemInt32SystemTextEncoderExceptionFallbackBufferget_Remaining', ID = '1613'
Method 'SystemBooleanSystemTextEncoderExceptionFallbackBufferMovePrevious', ID = '1614'
Method 'SystemBooleanSystemTextEncoderExceptionFallbackBufferFallbackSystemCharSystemCharSystemInt32', ID = '1615'
Method 'SystemBooleanSystemTextEncoderExceptionFallbackBufferFallbackSystemCharSystemInt32', ID = '1616'
Method 'SystemCharSystemTextEncoderExceptionFallbackBufferGetNextChar', ID = '1617'
Method 'SystemStringSystemSRget_Argument_InvalidCodePageConversionIndex', ID = '1618'
Method 'SystemVoidSystemTextEncoderFallbackExceptionctorSystemStringSystemCharSystemCharSystemInt32', ID = '1619'
Method 'SystemVoidSystemTextEncoderFallbackExceptionctorSystemStringSystemCharSystemInt32', ID = '1620'
